Dec 17, 2012 1:25:12 PM spec.jbb.JBBmain main -> INFO: Logging started
Dec 17, 2012 1:25:12 PM spec.jbb.Company primeWithDummyData -> INFO: Loading Warehouse 1...
Dec 17, 2012 1:25:12 PM spec.jbb.Company primeWithDummyData -> INFO: Loading Warehouse 2...
Dec 17, 2012 1:25:12 PM spec.jbb.Company primeWithDummyData -> INFO: Loading Warehouse 3...
Dec 17, 2012 1:25:12 PM spec.jbb.Company primeWithDummyData -> INFO: Loading Warehouse 4...
Dec 17, 2012 1:25:12 PM spec.jbb.Company primeWithDummyData -> INFO: Loading Warehouse 5...
Dec 17, 2012 1:25:13 PM spec.jbb.Company primeWithDummyData -> INFO: Loading Warehouse 6...
Dec 17, 2012 1:25:13 PM spec.jbb.Company primeWithDummyData -> INFO: Loading Warehouse 7...
Dec 17, 2012 1:25:13 PM spec.jbb.Company primeWithDummyData -> INFO: Loading Warehouse 8...
Dec 17, 2012 1:25:13 PM spec.jbb.Company primeWithDummyData -> INFO: Loading Warehouse 9...
Dec 17, 2012 1:25:13 PM spec.jbb.Company primeWithDummyData -> INFO: Loading Warehouse 10...
Dec 17, 2012 1:25:13 PM spec.jbb.Company primeWithDummyData -> INFO: Loading Warehouse 11...
Dec 17, 2012 1:25:13 PM spec.jbb.Company primeWithDummyData -> INFO: Loading Warehouse 12...
Dec 17, 2012 1:25:13 PM spec.jbb.Company primeWithDummyData -> INFO: Loading Warehouse 13...
Dec 17, 2012 1:25:13 PM spec.jbb.Company primeWithDummyData -> INFO: Loading Warehouse 14...
Dec 17, 2012 1:25:13 PM spec.jbb.Company primeWithDummyData -> INFO: Loading Warehouse 15...
Dec 17, 2012 1:25:14 PM spec.jbb.Company primeWithDummyData -> INFO: Loading Warehouse 16...
Dec 17, 2012 1:25:14 PM spec.jbb.JBBmain DoARun -> INFO: Start User Threads
Dec 17, 2012 1:25:14 PM spec.jbb.JBBmain DoARun -> INFO:   started user thread for Warehouse 1
Dec 17, 2012 1:25:14 PM spec.jbb.JBBmain DoARun -> INFO:   started user thread for Warehouse 2
Dec 17, 2012 1:25:14 PM spec.jbb.JBBmain DoARun -> INFO:   started user thread for Warehouse 3
Dec 17, 2012 1:25:14 PM spec.jbb.JBBmain DoARun -> INFO:   started user thread for Warehouse 4
Dec 17, 2012 1:25:14 PM spec.jbb.JBBmain DoARun -> INFO:   started user thread for Warehouse 5
Dec 17, 2012 1:25:14 PM spec.jbb.JBBmain DoARun -> INFO:   started user thread for Warehouse 6
Dec 17, 2012 1:25:14 PM spec.jbb.JBBmain DoARun -> INFO:   started user thread for Warehouse 7
Dec 17, 2012 1:25:14 PM spec.jbb.JBBmain DoARun -> INFO:   started user thread for Warehouse 8
Dec 17, 2012 1:25:14 PM spec.jbb.JBBmain DoARun -> INFO:   started user thread for Warehouse 9
Dec 17, 2012 1:25:14 PM spec.jbb.JBBmain DoARun -> INFO:   started user thread for Warehouse 10
Dec 17, 2012 1:25:14 PM spec.jbb.JBBmain DoARun -> INFO:   started user thread for Warehouse 11
Dec 17, 2012 1:25:14 PM spec.jbb.JBBmain DoARun -> INFO:   started user thread for Warehouse 12
Dec 17, 2012 1:25:14 PM spec.jbb.JBBmain DoARun -> INFO:   started user thread for Warehouse 13
Dec 17, 2012 1:25:14 PM spec.jbb.JBBmain DoARun -> INFO:   started user thread for Warehouse 14
Dec 17, 2012 1:25:14 PM spec.jbb.JBBmain DoARun -> INFO:   started user thread for Warehouse 15
Dec 17, 2012 1:25:14 PM spec.jbb.JBBmain DoARun -> INFO:   started user thread for Warehouse 16
Dec 17, 2012 1:25:14 PM spec.jbb.Company displayResultTotals -> INFO: Timing Measurement began Mon Dec 17 13:25:14 CST 2012 for 4 minutes
Dec 17, 2012 1:29:14 PM spec.jbb.Company displayResultTotals -> INFO: Timing Measurement ended Mon Dec 17 13:29:14 CST 2012
Dec 17, 2012 1:29:14 PM spec.jbb.JBBmain callReporter -> INFO: Calling Reporter
Dec 17, 2012 1:29:14 PM spec.jbb.JBBmain main -> INFO: Logging ended
