Oct 30, 2012 4:38:14 PM spec.jbb.JBBmain main -> INFO: Logging started
Oct 30, 2012 4:38:14 PM spec.jbb.Company primeWithDummyData -> INFO: Loading Warehouse 1...
Oct 30, 2012 4:38:15 PM spec.jbb.Company primeWithDummyData -> INFO: Loading Warehouse 2...
Oct 30, 2012 4:38:15 PM spec.jbb.Company primeWithDummyData -> INFO: Loading Warehouse 3...
Oct 30, 2012 4:38:15 PM spec.jbb.Company primeWithDummyData -> INFO: Loading Warehouse 4...
Oct 30, 2012 4:38:15 PM spec.jbb.Company primeWithDummyData -> INFO: Loading Warehouse 5...
Oct 30, 2012 4:38:15 PM spec.jbb.Company primeWithDummyData -> INFO: Loading Warehouse 6...
Oct 30, 2012 4:38:15 PM spec.jbb.Company primeWithDummyData -> INFO: Loading Warehouse 7...
Oct 30, 2012 4:38:15 PM spec.jbb.Company primeWithDummyData -> INFO: Loading Warehouse 8...
Oct 30, 2012 4:38:15 PM spec.jbb.Company primeWithDummyData -> INFO: Loading Warehouse 9...
Oct 30, 2012 4:38:15 PM spec.jbb.Company primeWithDummyData -> INFO: Loading Warehouse 10...
Oct 30, 2012 4:38:16 PM spec.jbb.Company primeWithDummyData -> INFO: Loading Warehouse 11...
Oct 30, 2012 4:38:16 PM spec.jbb.Company primeWithDummyData -> INFO: Loading Warehouse 12...
Oct 30, 2012 4:38:16 PM spec.jbb.Company primeWithDummyData -> INFO: Loading Warehouse 13...
Oct 30, 2012 4:38:16 PM spec.jbb.Company primeWithDummyData -> INFO: Loading Warehouse 14...
Oct 30, 2012 4:38:16 PM spec.jbb.Company primeWithDummyData -> INFO: Loading Warehouse 15...
Oct 30, 2012 4:38:16 PM spec.jbb.Company primeWithDummyData -> INFO: Loading Warehouse 16...
Oct 30, 2012 4:38:16 PM spec.jbb.JBBmain DoARun -> INFO: Start User Threads
Oct 30, 2012 4:38:16 PM spec.jbb.JBBmain DoARun -> INFO:   started user thread for Warehouse 1
Oct 30, 2012 4:38:16 PM spec.jbb.JBBmain DoARun -> INFO:   started user thread for Warehouse 2
Oct 30, 2012 4:38:16 PM spec.jbb.JBBmain DoARun -> INFO:   started user thread for Warehouse 3
Oct 30, 2012 4:38:16 PM spec.jbb.JBBmain DoARun -> INFO:   started user thread for Warehouse 4
Oct 30, 2012 4:38:16 PM spec.jbb.JBBmain DoARun -> INFO:   started user thread for Warehouse 5
Oct 30, 2012 4:38:16 PM spec.jbb.JBBmain DoARun -> INFO:   started user thread for Warehouse 6
Oct 30, 2012 4:38:16 PM spec.jbb.JBBmain DoARun -> INFO:   started user thread for Warehouse 7
Oct 30, 2012 4:38:16 PM spec.jbb.JBBmain DoARun -> INFO:   started user thread for Warehouse 8
Oct 30, 2012 4:38:16 PM spec.jbb.JBBmain DoARun -> INFO:   started user thread for Warehouse 9
Oct 30, 2012 4:38:16 PM spec.jbb.JBBmain DoARun -> INFO:   started user thread for Warehouse 10
Oct 30, 2012 4:38:16 PM spec.jbb.JBBmain DoARun -> INFO:   started user thread for Warehouse 11
Oct 30, 2012 4:38:16 PM spec.jbb.JBBmain DoARun -> INFO:   started user thread for Warehouse 12
Oct 30, 2012 4:38:16 PM spec.jbb.JBBmain DoARun -> INFO:   started user thread for Warehouse 13
Oct 30, 2012 4:38:16 PM spec.jbb.JBBmain DoARun -> INFO:   started user thread for Warehouse 14
Oct 30, 2012 4:38:16 PM spec.jbb.JBBmain DoARun -> INFO:   started user thread for Warehouse 15
Oct 30, 2012 4:38:16 PM spec.jbb.JBBmain DoARun -> INFO:   started user thread for Warehouse 16
Oct 30, 2012 4:38:16 PM spec.jbb.Company displayResultTotals -> INFO: Timing Measurement began Tue Oct 30 16:38:16 CDT 2012 for 4 minutes
