Sep 26, 2009 9:33:57 AM spec.jbb.JBBmain main -> INFO: Logging started
Sep 26, 2009 9:33:58 AM spec.jbb.Company primeWithDummyData -> INFO: Loading Warehouse 1...
Sep 26, 2009 9:33:58 AM spec.jbb.Company primeWithDummyData -> INFO: Loading Warehouse 2...
Sep 26, 2009 9:33:58 AM spec.jbb.Company primeWithDummyData -> INFO: Loading Warehouse 3...
Sep 26, 2009 9:33:59 AM spec.jbb.Company primeWithDummyData -> INFO: Loading Warehouse 4...
Sep 26, 2009 9:33:59 AM spec.jbb.Company primeWithDummyData -> INFO: Loading Warehouse 5...
Sep 26, 2009 9:33:59 AM spec.jbb.Company primeWithDummyData -> INFO: Loading Warehouse 6...
Sep 26, 2009 9:33:59 AM spec.jbb.Company primeWithDummyData -> INFO: Loading Warehouse 7...
Sep 26, 2009 9:34:00 AM spec.jbb.Company primeWithDummyData -> INFO: Loading Warehouse 8...
Sep 26, 2009 9:34:00 AM spec.jbb.Company primeWithDummyData -> INFO: Loading Warehouse 9...
Sep 26, 2009 9:34:00 AM spec.jbb.Company primeWithDummyData -> INFO: Loading Warehouse 10...
Sep 26, 2009 9:34:01 AM spec.jbb.Company primeWithDummyData -> INFO: Loading Warehouse 11...
Sep 26, 2009 9:34:01 AM spec.jbb.Company primeWithDummyData -> INFO: Loading Warehouse 12...
Sep 26, 2009 9:34:01 AM spec.jbb.Company primeWithDummyData -> INFO: Loading Warehouse 13...
Sep 26, 2009 9:34:02 AM spec.jbb.Company primeWithDummyData -> INFO: Loading Warehouse 14...
Sep 26, 2009 9:34:02 AM spec.jbb.Company primeWithDummyData -> INFO: Loading Warehouse 15...
Sep 26, 2009 9:34:02 AM spec.jbb.Company primeWithDummyData -> INFO: Loading Warehouse 16...
Sep 26, 2009 9:34:02 AM spec.jbb.JBBmain DoARun -> INFO: Start User Threads
Sep 26, 2009 9:34:02 AM spec.jbb.JBBmain DoARun -> INFO:   started user thread for Warehouse 1
Sep 26, 2009 9:34:02 AM spec.jbb.JBBmain DoARun -> INFO:   started user thread for Warehouse 2
Sep 26, 2009 9:34:02 AM spec.jbb.JBBmain DoARun -> INFO:   started user thread for Warehouse 3
Sep 26, 2009 9:34:02 AM spec.jbb.JBBmain DoARun -> INFO:   started user thread for Warehouse 4
Sep 26, 2009 9:34:02 AM spec.jbb.JBBmain DoARun -> INFO:   started user thread for Warehouse 5
Sep 26, 2009 9:34:02 AM spec.jbb.JBBmain DoARun -> INFO:   started user thread for Warehouse 6
Sep 26, 2009 9:34:02 AM spec.jbb.JBBmain DoARun -> INFO:   started user thread for Warehouse 7
Sep 26, 2009 9:34:02 AM spec.jbb.JBBmain DoARun -> INFO:   started user thread for Warehouse 8
Sep 26, 2009 9:34:02 AM spec.jbb.JBBmain DoARun -> INFO:   started user thread for Warehouse 9
Sep 26, 2009 9:34:02 AM spec.jbb.JBBmain DoARun -> INFO:   started user thread for Warehouse 10
Sep 26, 2009 9:34:02 AM spec.jbb.JBBmain DoARun -> INFO:   started user thread for Warehouse 11
Sep 26, 2009 9:34:02 AM spec.jbb.JBBmain DoARun -> INFO:   started user thread for Warehouse 12
Sep 26, 2009 9:34:02 AM spec.jbb.JBBmain DoARun -> INFO:   started user thread for Warehouse 13
Sep 26, 2009 9:34:02 AM spec.jbb.JBBmain DoARun -> INFO:   started user thread for Warehouse 14
Sep 26, 2009 9:34:02 AM spec.jbb.JBBmain DoARun -> INFO:   started user thread for Warehouse 15
Sep 26, 2009 9:34:02 AM spec.jbb.JBBmain DoARun -> INFO:   started user thread for Warehouse 16
Sep 26, 2009 9:34:03 AM spec.jbb.Company displayResultTotals -> INFO: Timing Measurement began Sat Sep 26 09:34:02 CDT 2009 for 4 minutes
Sep 26, 2009 9:38:03 AM spec.jbb.Company displayResultTotals -> INFO: Timing Measurement ended Sat Sep 26 09:38:03 CDT 2009
Sep 26, 2009 9:38:05 AM spec.jbb.JBBmain callReporter -> INFO: Calling Reporter
Sep 26, 2009 9:38:07 AM spec.jbb.JBBmain main -> INFO: Logging ended
