Sep 25, 2009 7:36:45 AM spec.jbb.JBBmain main -> INFO: Logging started
Sep 25, 2009 7:36:45 AM spec.jbb.Company primeWithDummyData -> INFO: Loading Warehouse 1...
Sep 25, 2009 7:36:46 AM spec.jbb.JBBmain DoARun -> INFO: Start User Threads
Sep 25, 2009 7:36:46 AM spec.jbb.JBBmain DoARun -> INFO:   started user thread for Warehouse 1
Sep 25, 2009 7:36:46 AM spec.jbb.Company displayResultTotals -> INFO: Timing Measurement began Fri Sep 25 07:36:46 CDT 2009 for 0.5 minutes
Sep 25, 2009 7:37:16 AM spec.jbb.Company displayResultTotals -> INFO: Timing Measurement ended Fri Sep 25 07:37:16 CDT 2009
Sep 25, 2009 7:37:16 AM spec.jbb.Company primeWithDummyData -> INFO: Loading Warehouse 2...
Sep 25, 2009 7:37:16 AM spec.jbb.JBBmain DoARun -> INFO: Start User Threads
Sep 25, 2009 7:37:16 AM spec.jbb.JBBmain DoARun -> INFO:   started user thread for Warehouse 1
Sep 25, 2009 7:37:16 AM spec.jbb.JBBmain DoARun -> INFO:   started user thread for Warehouse 2
Sep 25, 2009 7:37:16 AM spec.jbb.Company displayResultTotals -> INFO: Timing Measurement began Fri Sep 25 07:37:16 CDT 2009 for 0.5 minutes
Sep 25, 2009 7:37:46 AM spec.jbb.Company displayResultTotals -> INFO: Timing Measurement ended Fri Sep 25 07:37:46 CDT 2009
Sep 25, 2009 7:37:46 AM spec.jbb.Company primeWithDummyData -> INFO: Loading Warehouse 3...
Sep 25, 2009 7:37:46 AM spec.jbb.JBBmain DoARun -> INFO: Start User Threads
Sep 25, 2009 7:37:46 AM spec.jbb.JBBmain DoARun -> INFO:   started user thread for Warehouse 1
Sep 25, 2009 7:37:46 AM spec.jbb.JBBmain DoARun -> INFO:   started user thread for Warehouse 2
Sep 25, 2009 7:37:46 AM spec.jbb.JBBmain DoARun -> INFO:   started user thread for Warehouse 3
Sep 25, 2009 7:37:46 AM spec.jbb.Company displayResultTotals -> INFO: Timing Measurement began Fri Sep 25 07:37:46 CDT 2009 for 0.5 minutes
Sep 25, 2009 7:38:16 AM spec.jbb.Company displayResultTotals -> INFO: Timing Measurement ended Fri Sep 25 07:38:16 CDT 2009
Sep 25, 2009 7:38:16 AM spec.jbb.Company primeWithDummyData -> INFO: Loading Warehouse 4...
Sep 25, 2009 7:38:16 AM spec.jbb.JBBmain DoARun -> INFO: Start User Threads
Sep 25, 2009 7:38:16 AM spec.jbb.JBBmain DoARun -> INFO:   started user thread for Warehouse 1
Sep 25, 2009 7:38:16 AM spec.jbb.JBBmain DoARun -> INFO:   started user thread for Warehouse 2
Sep 25, 2009 7:38:16 AM spec.jbb.JBBmain DoARun -> INFO:   started user thread for Warehouse 3
Sep 25, 2009 7:38:16 AM spec.jbb.JBBmain DoARun -> INFO:   started user thread for Warehouse 4
Sep 25, 2009 7:38:16 AM spec.jbb.Company displayResultTotals -> INFO: Timing Measurement began Fri Sep 25 07:38:16 CDT 2009 for 4 minutes
Sep 25, 2009 7:42:16 AM spec.jbb.Company displayResultTotals -> INFO: Timing Measurement ended Fri Sep 25 07:42:16 CDT 2009
Sep 25, 2009 7:42:16 AM spec.jbb.Company primeWithDummyData -> INFO: Loading Warehouse 5...
Sep 25, 2009 7:42:17 AM spec.jbb.Company primeWithDummyData -> INFO: Loading Warehouse 6...
Sep 25, 2009 7:42:17 AM spec.jbb.Company primeWithDummyData -> INFO: Loading Warehouse 7...
Sep 25, 2009 7:42:17 AM spec.jbb.Company primeWithDummyData -> INFO: Loading Warehouse 8...
Sep 25, 2009 7:42:17 AM spec.jbb.JBBmain DoARun -> INFO: Start User Threads
Sep 25, 2009 7:42:17 AM spec.jbb.JBBmain DoARun -> INFO:   started user thread for Warehouse 1
Sep 25, 2009 7:42:17 AM spec.jbb.JBBmain DoARun -> INFO:   started user thread for Warehouse 2
Sep 25, 2009 7:42:17 AM spec.jbb.JBBmain DoARun -> INFO:   started user thread for Warehouse 3
Sep 25, 2009 7:42:17 AM spec.jbb.JBBmain DoARun -> INFO:   started user thread for Warehouse 4
Sep 25, 2009 7:42:17 AM spec.jbb.JBBmain DoARun -> INFO:   started user thread for Warehouse 5
Sep 25, 2009 7:42:17 AM spec.jbb.JBBmain DoARun -> INFO:   started user thread for Warehouse 6
Sep 25, 2009 7:42:17 AM spec.jbb.JBBmain DoARun -> INFO:   started user thread for Warehouse 7
Sep 25, 2009 7:42:17 AM spec.jbb.JBBmain DoARun -> INFO:   started user thread for Warehouse 8
Sep 25, 2009 7:42:17 AM spec.jbb.Company displayResultTotals -> INFO: Timing Measurement began Fri Sep 25 07:42:17 CDT 2009 for 4 minutes
Sep 25, 2009 7:46:17 AM spec.jbb.Company displayResultTotals -> INFO: Timing Measurement ended Fri Sep 25 07:46:17 CDT 2009
Sep 25, 2009 7:46:18 AM spec.jbb.Company primeWithDummyData -> INFO: Loading Warehouse 9...
Sep 25, 2009 7:46:19 AM spec.jbb.Company primeWithDummyData -> INFO: Loading Warehouse 10...
Sep 25, 2009 7:46:20 AM spec.jbb.Company primeWithDummyData -> INFO: Loading Warehouse 11...
Sep 25, 2009 7:46:20 AM spec.jbb.Company primeWithDummyData -> INFO: Loading Warehouse 12...
Sep 25, 2009 7:46:20 AM spec.jbb.JBBmain DoARun -> INFO: Start User Threads
Sep 25, 2009 7:46:20 AM spec.jbb.JBBmain DoARun -> INFO:   started user thread for Warehouse 1
Sep 25, 2009 7:46:20 AM spec.jbb.JBBmain DoARun -> INFO:   started user thread for Warehouse 2
Sep 25, 2009 7:46:20 AM spec.jbb.JBBmain DoARun -> INFO:   started user thread for Warehouse 3
Sep 25, 2009 7:46:20 AM spec.jbb.JBBmain DoARun -> INFO:   started user thread for Warehouse 4
Sep 25, 2009 7:46:20 AM spec.jbb.JBBmain DoARun -> INFO:   started user thread for Warehouse 5
Sep 25, 2009 7:46:20 AM spec.jbb.JBBmain DoARun -> INFO:   started user thread for Warehouse 6
Sep 25, 2009 7:46:20 AM spec.jbb.JBBmain DoARun -> INFO:   started user thread for Warehouse 7
Sep 25, 2009 7:46:20 AM spec.jbb.JBBmain DoARun -> INFO:   started user thread for Warehouse 8
Sep 25, 2009 7:46:20 AM spec.jbb.JBBmain DoARun -> INFO:   started user thread for Warehouse 9
Sep 25, 2009 7:46:20 AM spec.jbb.JBBmain DoARun -> INFO:   started user thread for Warehouse 10
Sep 25, 2009 7:46:20 AM spec.jbb.JBBmain DoARun -> INFO:   started user thread for Warehouse 11
Sep 25, 2009 7:46:20 AM spec.jbb.JBBmain DoARun -> INFO:   started user thread for Warehouse 12
Sep 25, 2009 7:46:20 AM spec.jbb.Company displayResultTotals -> INFO: Timing Measurement began Fri Sep 25 07:46:20 CDT 2009 for 4 minutes
Sep 25, 2009 7:51:28 AM spec.jbb.Company displayResultTotals -> INFO: Timing Measurement ended Fri Sep 25 07:51:27 CDT 2009
Sep 25, 2009 7:52:07 AM spec.jbb.Company primeWithDummyData -> INFO: Loading Warehouse 13...
Sep 25, 2009 7:52:40 AM spec.jbb.Company primeWithDummyData -> INFO: Loading Warehouse 14...
Sep 25, 2009 7:52:42 AM spec.jbb.Company primeWithDummyData -> INFO: Loading Warehouse 15...
Sep 25, 2009 7:52:50 AM spec.jbb.Company primeWithDummyData -> INFO: Loading Warehouse 16...
Sep 25, 2009 7:52:53 AM spec.jbb.JBBmain DoARun -> INFO: Start User Threads
Sep 25, 2009 7:52:54 AM spec.jbb.JBBmain DoARun -> INFO:   started user thread for Warehouse 1
Sep 25, 2009 7:52:54 AM spec.jbb.JBBmain DoARun -> INFO:   started user thread for Warehouse 2
Sep 25, 2009 7:52:54 AM spec.jbb.JBBmain DoARun -> INFO:   started user thread for Warehouse 3
Sep 25, 2009 7:52:54 AM spec.jbb.JBBmain DoARun -> INFO:   started user thread for Warehouse 4
Sep 25, 2009 7:52:54 AM spec.jbb.JBBmain DoARun -> INFO:   started user thread for Warehouse 5
Sep 25, 2009 7:52:54 AM spec.jbb.JBBmain DoARun -> INFO:   started user thread for Warehouse 6
Sep 25, 2009 7:52:54 AM spec.jbb.JBBmain DoARun -> INFO:   started user thread for Warehouse 7
Sep 25, 2009 7:52:54 AM spec.jbb.JBBmain DoARun -> INFO:   started user thread for Warehouse 8
Sep 25, 2009 7:52:54 AM spec.jbb.JBBmain DoARun -> INFO:   started user thread for Warehouse 9
Sep 25, 2009 7:52:54 AM spec.jbb.JBBmain DoARun -> INFO:   started user thread for Warehouse 10
Sep 25, 2009 7:52:54 AM spec.jbb.JBBmain DoARun -> INFO:   started user thread for Warehouse 11
Sep 25, 2009 7:52:54 AM spec.jbb.JBBmain DoARun -> INFO:   started user thread for Warehouse 12
Sep 25, 2009 7:52:54 AM spec.jbb.JBBmain DoARun -> INFO:   started user thread for Warehouse 13
Sep 25, 2009 7:52:54 AM spec.jbb.JBBmain DoARun -> INFO:   started user thread for Warehouse 14
Sep 25, 2009 7:52:54 AM spec.jbb.JBBmain DoARun -> INFO:   started user thread for Warehouse 15
Sep 25, 2009 7:52:54 AM spec.jbb.JBBmain DoARun -> INFO:   started user thread for Warehouse 16
Sep 25, 2009 7:52:55 AM spec.jbb.Company displayResultTotals -> INFO: Timing Measurement began Fri Sep 25 07:52:54 CDT 2009 for 4 minutes
Sep 25, 2009 7:57:01 AM spec.jbb.Company displayResultTotals -> INFO: Timing Measurement ended Fri Sep 25 07:56:57 CDT 2009
Sep 25, 2009 7:57:15 AM spec.jbb.JBBmain callReporter -> INFO: Calling Reporter
Sep 25, 2009 7:57:47 AM spec.jbb.JBBmain main -> INFO: Logging ended
