Jul 7, 2009 9:45:40 AM spec.jbb.JBBmain main -> INFO: Logging started
Jul 7, 2009 9:45:40 AM spec.jbb.Company primeWithDummyData -> INFO: Loading Warehouse 1...
Jul 7, 2009 9:45:41 AM spec.jbb.JBBmain DoARun -> INFO: Start User Threads
Jul 7, 2009 9:45:41 AM spec.jbb.JBBmain DoARun -> INFO:   started user thread for Warehouse 1
Jul 7, 2009 9:45:41 AM spec.jbb.Company displayResultTotals -> INFO: Timing Measurement began Tue Jul 07 09:45:41 CDT 2009 for 0.5 minutes
Jul 7, 2009 9:46:11 AM spec.jbb.Company displayResultTotals -> INFO: Timing Measurement ended Tue Jul 07 09:46:11 CDT 2009
Jul 7, 2009 9:46:11 AM spec.jbb.Company primeWithDummyData -> INFO: Loading Warehouse 2...
Jul 7, 2009 9:46:11 AM spec.jbb.JBBmain DoARun -> INFO: Start User Threads
Jul 7, 2009 9:46:11 AM spec.jbb.JBBmain DoARun -> INFO:   started user thread for Warehouse 1
Jul 7, 2009 9:46:11 AM spec.jbb.JBBmain DoARun -> INFO:   started user thread for Warehouse 2
Jul 7, 2009 9:46:11 AM spec.jbb.Company displayResultTotals -> INFO: Timing Measurement began Tue Jul 07 09:46:11 CDT 2009 for 0.5 minutes
Jul 7, 2009 9:46:41 AM spec.jbb.Company displayResultTotals -> INFO: Timing Measurement ended Tue Jul 07 09:46:41 CDT 2009
Jul 7, 2009 9:46:41 AM spec.jbb.Company primeWithDummyData -> INFO: Loading Warehouse 3...
Jul 7, 2009 9:46:41 AM spec.jbb.JBBmain DoARun -> INFO: Start User Threads
Jul 7, 2009 9:46:41 AM spec.jbb.JBBmain DoARun -> INFO:   started user thread for Warehouse 1
Jul 7, 2009 9:46:41 AM spec.jbb.JBBmain DoARun -> INFO:   started user thread for Warehouse 2
Jul 7, 2009 9:46:41 AM spec.jbb.JBBmain DoARun -> INFO:   started user thread for Warehouse 3
Jul 7, 2009 9:46:41 AM spec.jbb.Company displayResultTotals -> INFO: Timing Measurement began Tue Jul 07 09:46:41 CDT 2009 for 0.5 minutes
Jul 7, 2009 9:47:11 AM spec.jbb.Company displayResultTotals -> INFO: Timing Measurement ended Tue Jul 07 09:47:11 CDT 2009
Jul 7, 2009 9:47:11 AM spec.jbb.Company primeWithDummyData -> INFO: Loading Warehouse 4...
Jul 7, 2009 9:47:11 AM spec.jbb.JBBmain DoARun -> INFO: Start User Threads
Jul 7, 2009 9:47:11 AM spec.jbb.JBBmain DoARun -> INFO:   started user thread for Warehouse 1
Jul 7, 2009 9:47:11 AM spec.jbb.JBBmain DoARun -> INFO:   started user thread for Warehouse 2
Jul 7, 2009 9:47:11 AM spec.jbb.JBBmain DoARun -> INFO:   started user thread for Warehouse 3
Jul 7, 2009 9:47:11 AM spec.jbb.JBBmain DoARun -> INFO:   started user thread for Warehouse 4
Jul 7, 2009 9:47:11 AM spec.jbb.Company displayResultTotals -> INFO: Timing Measurement began Tue Jul 07 09:47:11 CDT 2009 for 4 minutes
Jul 7, 2009 9:51:11 AM spec.jbb.Company displayResultTotals -> INFO: Timing Measurement ended Tue Jul 07 09:51:11 CDT 2009
Jul 7, 2009 9:51:12 AM spec.jbb.Company primeWithDummyData -> INFO: Loading Warehouse 5...
Jul 7, 2009 9:51:13 AM spec.jbb.JBBmain DoARun -> INFO: Start User Threads
Jul 7, 2009 9:51:13 AM spec.jbb.JBBmain DoARun -> INFO:   started user thread for Warehouse 1
Jul 7, 2009 9:51:13 AM spec.jbb.JBBmain DoARun -> INFO:   started user thread for Warehouse 2
Jul 7, 2009 9:51:13 AM spec.jbb.JBBmain DoARun -> INFO:   started user thread for Warehouse 3
Jul 7, 2009 9:51:13 AM spec.jbb.JBBmain DoARun -> INFO:   started user thread for Warehouse 4
Jul 7, 2009 9:51:13 AM spec.jbb.JBBmain DoARun -> INFO:   started user thread for Warehouse 5
Jul 7, 2009 9:51:13 AM spec.jbb.Company displayResultTotals -> INFO: Timing Measurement began Tue Jul 07 09:51:13 CDT 2009 for 4 minutes
Jul 7, 2009 9:55:13 AM spec.jbb.Company displayResultTotals -> INFO: Timing Measurement ended Tue Jul 07 09:55:13 CDT 2009
Jul 7, 2009 9:55:13 AM spec.jbb.Company primeWithDummyData -> INFO: Loading Warehouse 6...
Jul 7, 2009 9:55:15 AM spec.jbb.JBBmain DoARun -> INFO: Start User Threads
Jul 7, 2009 9:55:15 AM spec.jbb.JBBmain DoARun -> INFO:   started user thread for Warehouse 1
Jul 7, 2009 9:55:15 AM spec.jbb.JBBmain DoARun -> INFO:   started user thread for Warehouse 2
Jul 7, 2009 9:55:15 AM spec.jbb.JBBmain DoARun -> INFO:   started user thread for Warehouse 3
Jul 7, 2009 9:55:15 AM spec.jbb.JBBmain DoARun -> INFO:   started user thread for Warehouse 4
Jul 7, 2009 9:55:15 AM spec.jbb.JBBmain DoARun -> INFO:   started user thread for Warehouse 5
Jul 7, 2009 9:55:15 AM spec.jbb.JBBmain DoARun -> INFO:   started user thread for Warehouse 6
Jul 7, 2009 9:55:15 AM spec.jbb.Company displayResultTotals -> INFO: Timing Measurement began Tue Jul 07 09:55:15 CDT 2009 for 4 minutes
