Oct 11, 2012 1:54:53 PM spec.jbb.JBBmain main -> INFO: Logging started
Oct 11, 2012 1:54:53 PM spec.jbb.Company primeWithDummyData -> INFO: Loading Warehouse 1...
Oct 11, 2012 1:54:53 PM spec.jbb.Company primeWithDummyData -> INFO: Loading Warehouse 2...
Oct 11, 2012 1:54:53 PM spec.jbb.Company primeWithDummyData -> INFO: Loading Warehouse 3...
Oct 11, 2012 1:54:53 PM spec.jbb.Company primeWithDummyData -> INFO: Loading Warehouse 4...
Oct 11, 2012 1:54:54 PM spec.jbb.Company primeWithDummyData -> INFO: Loading Warehouse 5...
Oct 11, 2012 1:54:54 PM spec.jbb.Company primeWithDummyData -> INFO: Loading Warehouse 6...
Oct 11, 2012 1:54:54 PM spec.jbb.Company primeWithDummyData -> INFO: Loading Warehouse 7...
Oct 11, 2012 1:54:54 PM spec.jbb.Company primeWithDummyData -> INFO: Loading Warehouse 8...
Oct 11, 2012 1:54:54 PM spec.jbb.Company primeWithDummyData -> INFO: Loading Warehouse 9...
Oct 11, 2012 1:54:54 PM spec.jbb.Company primeWithDummyData -> INFO: Loading Warehouse 10...
Oct 11, 2012 1:54:54 PM spec.jbb.Company primeWithDummyData -> INFO: Loading Warehouse 11...
Oct 11, 2012 1:54:54 PM spec.jbb.Company primeWithDummyData -> INFO: Loading Warehouse 12...
Oct 11, 2012 1:54:54 PM spec.jbb.Company primeWithDummyData -> INFO: Loading Warehouse 13...
Oct 11, 2012 1:54:54 PM spec.jbb.Company primeWithDummyData -> INFO: Loading Warehouse 14...
Oct 11, 2012 1:54:55 PM spec.jbb.Company primeWithDummyData -> INFO: Loading Warehouse 15...
Oct 11, 2012 1:54:55 PM spec.jbb.Company primeWithDummyData -> INFO: Loading Warehouse 16...
Oct 11, 2012 1:54:55 PM spec.jbb.JBBmain DoARun -> INFO: Start User Threads
Oct 11, 2012 1:54:55 PM spec.jbb.JBBmain DoARun -> INFO:   started user thread for Warehouse 1
Oct 11, 2012 1:54:55 PM spec.jbb.JBBmain DoARun -> INFO:   started user thread for Warehouse 2
Oct 11, 2012 1:54:55 PM spec.jbb.JBBmain DoARun -> INFO:   started user thread for Warehouse 3
Oct 11, 2012 1:54:55 PM spec.jbb.JBBmain DoARun -> INFO:   started user thread for Warehouse 4
Oct 11, 2012 1:54:55 PM spec.jbb.JBBmain DoARun -> INFO:   started user thread for Warehouse 5
Oct 11, 2012 1:54:55 PM spec.jbb.JBBmain DoARun -> INFO:   started user thread for Warehouse 6
Oct 11, 2012 1:54:55 PM spec.jbb.JBBmain DoARun -> INFO:   started user thread for Warehouse 7
Oct 11, 2012 1:54:55 PM spec.jbb.JBBmain DoARun -> INFO:   started user thread for Warehouse 8
Oct 11, 2012 1:54:55 PM spec.jbb.JBBmain DoARun -> INFO:   started user thread for Warehouse 9
Oct 11, 2012 1:54:55 PM spec.jbb.JBBmain DoARun -> INFO:   started user thread for Warehouse 10
Oct 11, 2012 1:54:55 PM spec.jbb.JBBmain DoARun -> INFO:   started user thread for Warehouse 11
Oct 11, 2012 1:54:55 PM spec.jbb.JBBmain DoARun -> INFO:   started user thread for Warehouse 12
Oct 11, 2012 1:54:55 PM spec.jbb.JBBmain DoARun -> INFO:   started user thread for Warehouse 13
Oct 11, 2012 1:54:55 PM spec.jbb.JBBmain DoARun -> INFO:   started user thread for Warehouse 14
Oct 11, 2012 1:54:55 PM spec.jbb.JBBmain DoARun -> INFO:   started user thread for Warehouse 15
Oct 11, 2012 1:54:55 PM spec.jbb.JBBmain DoARun -> INFO:   started user thread for Warehouse 16
Oct 11, 2012 1:54:55 PM spec.jbb.Company displayResultTotals -> INFO: Timing Measurement began Thu Oct 11 13:54:55 CDT 2012 for 4 minutes
Oct 11, 2012 1:58:55 PM spec.jbb.Company displayResultTotals -> INFO: Timing Measurement ended Thu Oct 11 13:58:55 CDT 2012
Oct 11, 2012 1:58:55 PM spec.jbb.JBBmain callReporter -> INFO: Calling Reporter
Oct 11, 2012 1:58:55 PM spec.jbb.JBBmain main -> INFO: Logging ended
