Sep 25, 2009 8:50:13 AM spec.jbb.JBBmain main -> INFO: Logging started
Sep 25, 2009 8:50:13 AM spec.jbb.Company primeWithDummyData -> INFO: Loading Warehouse 1...
Sep 25, 2009 8:50:14 AM spec.jbb.JBBmain DoARun -> INFO: Start User Threads
Sep 25, 2009 8:50:14 AM spec.jbb.JBBmain DoARun -> INFO:   started user thread for Warehouse 1
Sep 25, 2009 8:50:14 AM spec.jbb.Company displayResultTotals -> INFO: Timing Measurement began Fri Sep 25 08:50:14 CDT 2009 for 0.5 minutes
Sep 25, 2009 8:50:44 AM spec.jbb.Company displayResultTotals -> INFO: Timing Measurement ended Fri Sep 25 08:50:44 CDT 2009
Sep 25, 2009 8:50:44 AM spec.jbb.Company primeWithDummyData -> INFO: Loading Warehouse 2...
Sep 25, 2009 8:50:44 AM spec.jbb.Company primeWithDummyData -> INFO: Loading Warehouse 3...
Sep 25, 2009 8:50:44 AM spec.jbb.Company primeWithDummyData -> INFO: Loading Warehouse 4...
Sep 25, 2009 8:50:44 AM spec.jbb.Company primeWithDummyData -> INFO: Loading Warehouse 5...
Sep 25, 2009 8:50:45 AM spec.jbb.Company primeWithDummyData -> INFO: Loading Warehouse 6...
Sep 25, 2009 8:50:45 AM spec.jbb.Company primeWithDummyData -> INFO: Loading Warehouse 7...
Sep 25, 2009 8:50:45 AM spec.jbb.Company primeWithDummyData -> INFO: Loading Warehouse 8...
Sep 25, 2009 8:50:45 AM spec.jbb.Company primeWithDummyData -> INFO: Loading Warehouse 9...
Sep 25, 2009 8:50:46 AM spec.jbb.Company primeWithDummyData -> INFO: Loading Warehouse 10...
Sep 25, 2009 8:50:46 AM spec.jbb.Company primeWithDummyData -> INFO: Loading Warehouse 11...
Sep 25, 2009 8:50:46 AM spec.jbb.Company primeWithDummyData -> INFO: Loading Warehouse 12...
Sep 25, 2009 8:50:47 AM spec.jbb.Company primeWithDummyData -> INFO: Loading Warehouse 13...
Sep 25, 2009 8:50:47 AM spec.jbb.Company primeWithDummyData -> INFO: Loading Warehouse 14...
Sep 25, 2009 8:50:47 AM spec.jbb.Company primeWithDummyData -> INFO: Loading Warehouse 15...
Sep 25, 2009 8:50:48 AM spec.jbb.Company primeWithDummyData -> INFO: Loading Warehouse 16...
Sep 25, 2009 8:50:48 AM spec.jbb.JBBmain DoARun -> INFO: Start User Threads
Sep 25, 2009 8:50:48 AM spec.jbb.JBBmain DoARun -> INFO:   started user thread for Warehouse 1
Sep 25, 2009 8:50:48 AM spec.jbb.JBBmain DoARun -> INFO:   started user thread for Warehouse 2
Sep 25, 2009 8:50:48 AM spec.jbb.JBBmain DoARun -> INFO:   started user thread for Warehouse 3
Sep 25, 2009 8:50:48 AM spec.jbb.JBBmain DoARun -> INFO:   started user thread for Warehouse 4
Sep 25, 2009 8:50:48 AM spec.jbb.JBBmain DoARun -> INFO:   started user thread for Warehouse 5
Sep 25, 2009 8:50:48 AM spec.jbb.JBBmain DoARun -> INFO:   started user thread for Warehouse 6
Sep 25, 2009 8:50:48 AM spec.jbb.JBBmain DoARun -> INFO:   started user thread for Warehouse 7
Sep 25, 2009 8:50:48 AM spec.jbb.JBBmain DoARun -> INFO:   started user thread for Warehouse 8
Sep 25, 2009 8:50:48 AM spec.jbb.JBBmain DoARun -> INFO:   started user thread for Warehouse 9
Sep 25, 2009 8:50:48 AM spec.jbb.JBBmain DoARun -> INFO:   started user thread for Warehouse 10
Sep 25, 2009 8:50:48 AM spec.jbb.JBBmain DoARun -> INFO:   started user thread for Warehouse 11
Sep 25, 2009 8:50:48 AM spec.jbb.JBBmain DoARun -> INFO:   started user thread for Warehouse 12
Sep 25, 2009 8:50:48 AM spec.jbb.JBBmain DoARun -> INFO:   started user thread for Warehouse 13
Sep 25, 2009 8:50:48 AM spec.jbb.JBBmain DoARun -> INFO:   started user thread for Warehouse 14
Sep 25, 2009 8:50:48 AM spec.jbb.JBBmain DoARun -> INFO:   started user thread for Warehouse 15
Sep 25, 2009 8:50:48 AM spec.jbb.JBBmain DoARun -> INFO:   started user thread for Warehouse 16
Sep 25, 2009 8:50:48 AM spec.jbb.Company displayResultTotals -> INFO: Timing Measurement began Fri Sep 25 08:50:48 CDT 2009 for 10 minutes
Sep 25, 2009 9:01:05 AM spec.jbb.Company displayResultTotals -> INFO: Timing Measurement ended Fri Sep 25 09:00:49 CDT 2009
Sep 25, 2009 9:02:42 AM spec.jbb.JBBmain callReporter -> INFO: Calling Reporter
Sep 25, 2009 9:02:59 AM spec.jbb.JBBmain main -> INFO: Logging ended
