Sep 21, 2009 9:20:56 AM spec.jbb.JBBmain main -> INFO: Logging started
Sep 21, 2009 9:20:56 AM spec.jbb.Company primeWithDummyData -> INFO: Loading Warehouse 1...
Sep 21, 2009 9:20:57 AM spec.jbb.JBBmain DoARun -> INFO: Start User Threads
Sep 21, 2009 9:20:57 AM spec.jbb.JBBmain DoARun -> INFO:   started user thread for Warehouse 1
Sep 21, 2009 9:20:57 AM spec.jbb.Company displayResultTotals -> INFO: Timing Measurement began Mon Sep 21 09:20:57 CDT 2009 for 0.5 minutes
Sep 21, 2009 9:21:27 AM spec.jbb.Company displayResultTotals -> INFO: Timing Measurement ended Mon Sep 21 09:21:27 CDT 2009
Sep 21, 2009 9:21:27 AM spec.jbb.Company primeWithDummyData -> INFO: Loading Warehouse 2...
Sep 21, 2009 9:21:27 AM spec.jbb.JBBmain DoARun -> INFO: Start User Threads
Sep 21, 2009 9:21:27 AM spec.jbb.JBBmain DoARun -> INFO:   started user thread for Warehouse 1
Sep 21, 2009 9:21:27 AM spec.jbb.JBBmain DoARun -> INFO:   started user thread for Warehouse 2
Sep 21, 2009 9:21:27 AM spec.jbb.Company displayResultTotals -> INFO: Timing Measurement began Mon Sep 21 09:21:27 CDT 2009 for 0.5 minutes
Sep 21, 2009 9:21:57 AM spec.jbb.Company displayResultTotals -> INFO: Timing Measurement ended Mon Sep 21 09:21:57 CDT 2009
Sep 21, 2009 9:21:57 AM spec.jbb.Company primeWithDummyData -> INFO: Loading Warehouse 3...
Sep 21, 2009 9:21:57 AM spec.jbb.JBBmain DoARun -> INFO: Start User Threads
Sep 21, 2009 9:21:57 AM spec.jbb.JBBmain DoARun -> INFO:   started user thread for Warehouse 1
Sep 21, 2009 9:21:57 AM spec.jbb.JBBmain DoARun -> INFO:   started user thread for Warehouse 2
Sep 21, 2009 9:21:57 AM spec.jbb.JBBmain DoARun -> INFO:   started user thread for Warehouse 3
Sep 21, 2009 9:21:57 AM spec.jbb.Company displayResultTotals -> INFO: Timing Measurement began Mon Sep 21 09:21:57 CDT 2009 for 0.5 minutes
Sep 21, 2009 9:22:27 AM spec.jbb.Company displayResultTotals -> INFO: Timing Measurement ended Mon Sep 21 09:22:27 CDT 2009
Sep 21, 2009 9:22:28 AM spec.jbb.Company primeWithDummyData -> INFO: Loading Warehouse 4...
Sep 21, 2009 9:22:28 AM spec.jbb.JBBmain DoARun -> INFO: Start User Threads
Sep 21, 2009 9:22:28 AM spec.jbb.JBBmain DoARun -> INFO:   started user thread for Warehouse 1
Sep 21, 2009 9:22:28 AM spec.jbb.JBBmain DoARun -> INFO:   started user thread for Warehouse 2
Sep 21, 2009 9:22:28 AM spec.jbb.JBBmain DoARun -> INFO:   started user thread for Warehouse 3
Sep 21, 2009 9:22:28 AM spec.jbb.JBBmain DoARun -> INFO:   started user thread for Warehouse 4
Sep 21, 2009 9:22:28 AM spec.jbb.Company displayResultTotals -> INFO: Timing Measurement began Mon Sep 21 09:22:28 CDT 2009 for 4 minutes
