Sep 25, 2009 10:10:50 AM spec.jbb.JBBmain main -> INFO: Logging started
Sep 25, 2009 10:10:51 AM spec.jbb.Company primeWithDummyData -> INFO: Loading Warehouse 1...
Sep 25, 2009 10:10:51 AM spec.jbb.Company primeWithDummyData -> INFO: Loading Warehouse 2...
Sep 25, 2009 10:10:51 AM spec.jbb.Company primeWithDummyData -> INFO: Loading Warehouse 3...
Sep 25, 2009 10:10:52 AM spec.jbb.Company primeWithDummyData -> INFO: Loading Warehouse 4...
Sep 25, 2009 10:10:52 AM spec.jbb.Company primeWithDummyData -> INFO: Loading Warehouse 5...
Sep 25, 2009 10:10:52 AM spec.jbb.Company primeWithDummyData -> INFO: Loading Warehouse 6...
Sep 25, 2009 10:10:52 AM spec.jbb.Company primeWithDummyData -> INFO: Loading Warehouse 7...
Sep 25, 2009 10:10:52 AM spec.jbb.Company primeWithDummyData -> INFO: Loading Warehouse 8...
Sep 25, 2009 10:10:53 AM spec.jbb.Company primeWithDummyData -> INFO: Loading Warehouse 9...
Sep 25, 2009 10:10:53 AM spec.jbb.Company primeWithDummyData -> INFO: Loading Warehouse 10...
Sep 25, 2009 10:10:53 AM spec.jbb.Company primeWithDummyData -> INFO: Loading Warehouse 11...
Sep 25, 2009 10:10:54 AM spec.jbb.Company primeWithDummyData -> INFO: Loading Warehouse 12...
Sep 25, 2009 10:10:54 AM spec.jbb.Company primeWithDummyData -> INFO: Loading Warehouse 13...
Sep 25, 2009 10:10:54 AM spec.jbb.Company primeWithDummyData -> INFO: Loading Warehouse 14...
Sep 25, 2009 10:10:55 AM spec.jbb.Company primeWithDummyData -> INFO: Loading Warehouse 15...
Sep 25, 2009 10:10:55 AM spec.jbb.Company primeWithDummyData -> INFO: Loading Warehouse 16...
Sep 25, 2009 10:10:55 AM spec.jbb.JBBmain DoARun -> INFO: Start User Threads
Sep 25, 2009 10:10:55 AM spec.jbb.JBBmain DoARun -> INFO:   started user thread for Warehouse 1
Sep 25, 2009 10:10:55 AM spec.jbb.JBBmain DoARun -> INFO:   started user thread for Warehouse 2
Sep 25, 2009 10:10:55 AM spec.jbb.JBBmain DoARun -> INFO:   started user thread for Warehouse 3
Sep 25, 2009 10:10:55 AM spec.jbb.JBBmain DoARun -> INFO:   started user thread for Warehouse 4
Sep 25, 2009 10:10:55 AM spec.jbb.JBBmain DoARun -> INFO:   started user thread for Warehouse 5
Sep 25, 2009 10:10:55 AM spec.jbb.JBBmain DoARun -> INFO:   started user thread for Warehouse 6
Sep 25, 2009 10:10:55 AM spec.jbb.JBBmain DoARun -> INFO:   started user thread for Warehouse 7
Sep 25, 2009 10:10:55 AM spec.jbb.JBBmain DoARun -> INFO:   started user thread for Warehouse 8
Sep 25, 2009 10:10:55 AM spec.jbb.JBBmain DoARun -> INFO:   started user thread for Warehouse 9
Sep 25, 2009 10:10:55 AM spec.jbb.JBBmain DoARun -> INFO:   started user thread for Warehouse 10
Sep 25, 2009 10:10:55 AM spec.jbb.JBBmain DoARun -> INFO:   started user thread for Warehouse 11
Sep 25, 2009 10:10:55 AM spec.jbb.JBBmain DoARun -> INFO:   started user thread for Warehouse 12
Sep 25, 2009 10:10:55 AM spec.jbb.JBBmain DoARun -> INFO:   started user thread for Warehouse 13
Sep 25, 2009 10:10:55 AM spec.jbb.JBBmain DoARun -> INFO:   started user thread for Warehouse 14
Sep 25, 2009 10:10:55 AM spec.jbb.JBBmain DoARun -> INFO:   started user thread for Warehouse 15
Sep 25, 2009 10:10:55 AM spec.jbb.JBBmain DoARun -> INFO:   started user thread for Warehouse 16
Sep 25, 2009 10:10:59 AM spec.jbb.Company displayResultTotals -> INFO: Timing Measurement began Fri Sep 25 10:10:59 CDT 2009 for 10 minutes
Sep 25, 2009 10:21:19 AM spec.jbb.Company displayResultTotals -> INFO: Timing Measurement ended Fri Sep 25 10:21:08 CDT 2009
Sep 25, 2009 10:21:34 AM spec.jbb.JBBmain callReporter -> INFO: Calling Reporter
Sep 25, 2009 10:21:44 AM spec.jbb.JBBmain main -> INFO: Logging ended
