Sep 22, 2009 8:30:56 AM spec.jbb.JBBmain main -> INFO: Logging started
Sep 22, 2009 8:30:56 AM spec.jbb.Company primeWithDummyData -> INFO: Loading Warehouse 1...
Sep 22, 2009 8:30:57 AM spec.jbb.JBBmain DoARun -> INFO: Start User Threads
Sep 22, 2009 8:30:57 AM spec.jbb.JBBmain DoARun -> INFO:   started user thread for Warehouse 1
Sep 22, 2009 8:30:57 AM spec.jbb.Company displayResultTotals -> INFO: Timing Measurement began Tue Sep 22 08:30:57 CDT 2009 for 0.5 minutes
Sep 22, 2009 8:31:27 AM spec.jbb.Company displayResultTotals -> INFO: Timing Measurement ended Tue Sep 22 08:31:27 CDT 2009
Sep 22, 2009 8:31:27 AM spec.jbb.Company primeWithDummyData -> INFO: Loading Warehouse 2...
Sep 22, 2009 8:31:27 AM spec.jbb.JBBmain DoARun -> INFO: Start User Threads
Sep 22, 2009 8:31:27 AM spec.jbb.JBBmain DoARun -> INFO:   started user thread for Warehouse 1
Sep 22, 2009 8:31:27 AM spec.jbb.JBBmain DoARun -> INFO:   started user thread for Warehouse 2
Sep 22, 2009 8:31:27 AM spec.jbb.Company displayResultTotals -> INFO: Timing Measurement began Tue Sep 22 08:31:27 CDT 2009 for 0.5 minutes
Sep 22, 2009 8:31:57 AM spec.jbb.Company displayResultTotals -> INFO: Timing Measurement ended Tue Sep 22 08:31:57 CDT 2009
Sep 22, 2009 8:31:58 AM spec.jbb.Company primeWithDummyData -> INFO: Loading Warehouse 3...
Sep 22, 2009 8:31:58 AM spec.jbb.JBBmain DoARun -> INFO: Start User Threads
Sep 22, 2009 8:31:58 AM spec.jbb.JBBmain DoARun -> INFO:   started user thread for Warehouse 1
Sep 22, 2009 8:31:58 AM spec.jbb.JBBmain DoARun -> INFO:   started user thread for Warehouse 2
Sep 22, 2009 8:31:58 AM spec.jbb.JBBmain DoARun -> INFO:   started user thread for Warehouse 3
Sep 22, 2009 8:31:58 AM spec.jbb.Company displayResultTotals -> INFO: Timing Measurement began Tue Sep 22 08:31:58 CDT 2009 for 0.5 minutes
Sep 22, 2009 8:32:28 AM spec.jbb.Company displayResultTotals -> INFO: Timing Measurement ended Tue Sep 22 08:32:28 CDT 2009
Sep 22, 2009 8:32:28 AM spec.jbb.Company primeWithDummyData -> INFO: Loading Warehouse 4...
Sep 22, 2009 8:32:29 AM spec.jbb.JBBmain DoARun -> INFO: Start User Threads
Sep 22, 2009 8:32:29 AM spec.jbb.JBBmain DoARun -> INFO:   started user thread for Warehouse 1
Sep 22, 2009 8:32:29 AM spec.jbb.JBBmain DoARun -> INFO:   started user thread for Warehouse 2
Sep 22, 2009 8:32:29 AM spec.jbb.JBBmain DoARun -> INFO:   started user thread for Warehouse 3
Sep 22, 2009 8:32:29 AM spec.jbb.JBBmain DoARun -> INFO:   started user thread for Warehouse 4
Sep 22, 2009 8:32:29 AM spec.jbb.Company displayResultTotals -> INFO: Timing Measurement began Tue Sep 22 08:32:29 CDT 2009 for 4 minutes
Sep 22, 2009 8:36:29 AM spec.jbb.Company displayResultTotals -> INFO: Timing Measurement ended Tue Sep 22 08:36:29 CDT 2009
Sep 22, 2009 8:36:30 AM spec.jbb.Company primeWithDummyData -> INFO: Loading Warehouse 5...
Sep 22, 2009 8:36:30 AM spec.jbb.Company primeWithDummyData -> INFO: Loading Warehouse 6...
Sep 22, 2009 8:36:30 AM spec.jbb.Company primeWithDummyData -> INFO: Loading Warehouse 7...
Sep 22, 2009 8:36:30 AM spec.jbb.Company primeWithDummyData -> INFO: Loading Warehouse 8...
Sep 22, 2009 8:36:31 AM spec.jbb.Company primeWithDummyData -> INFO: Loading Warehouse 9...
Sep 22, 2009 8:36:31 AM spec.jbb.Company primeWithDummyData -> INFO: Loading Warehouse 10...
Sep 22, 2009 8:36:31 AM spec.jbb.Company primeWithDummyData -> INFO: Loading Warehouse 11...
Sep 22, 2009 8:36:32 AM spec.jbb.Company primeWithDummyData -> INFO: Loading Warehouse 12...
Sep 22, 2009 8:36:32 AM spec.jbb.Company primeWithDummyData -> INFO: Loading Warehouse 13...
Sep 22, 2009 8:36:32 AM spec.jbb.Company primeWithDummyData -> INFO: Loading Warehouse 14...
Sep 22, 2009 8:36:32 AM spec.jbb.Company primeWithDummyData -> INFO: Loading Warehouse 15...
Sep 22, 2009 8:36:32 AM spec.jbb.Company primeWithDummyData -> INFO: Loading Warehouse 16...
Sep 22, 2009 8:36:33 AM spec.jbb.JBBmain DoARun -> INFO: Start User Threads
Sep 22, 2009 8:36:33 AM spec.jbb.JBBmain DoARun -> INFO:   started user thread for Warehouse 1
Sep 22, 2009 8:36:33 AM spec.jbb.JBBmain DoARun -> INFO:   started user thread for Warehouse 2
Sep 22, 2009 8:36:33 AM spec.jbb.JBBmain DoARun -> INFO:   started user thread for Warehouse 3
Sep 22, 2009 8:36:33 AM spec.jbb.JBBmain DoARun -> INFO:   started user thread for Warehouse 4
Sep 22, 2009 8:36:33 AM spec.jbb.JBBmain DoARun -> INFO:   started user thread for Warehouse 5
Sep 22, 2009 8:36:33 AM spec.jbb.JBBmain DoARun -> INFO:   started user thread for Warehouse 6
Sep 22, 2009 8:36:33 AM spec.jbb.JBBmain DoARun -> INFO:   started user thread for Warehouse 7
Sep 22, 2009 8:36:33 AM spec.jbb.JBBmain DoARun -> INFO:   started user thread for Warehouse 8
Sep 22, 2009 8:36:33 AM spec.jbb.JBBmain DoARun -> INFO:   started user thread for Warehouse 9
Sep 22, 2009 8:36:33 AM spec.jbb.JBBmain DoARun -> INFO:   started user thread for Warehouse 10
Sep 22, 2009 8:36:33 AM spec.jbb.JBBmain DoARun -> INFO:   started user thread for Warehouse 11
Sep 22, 2009 8:36:33 AM spec.jbb.JBBmain DoARun -> INFO:   started user thread for Warehouse 12
Sep 22, 2009 8:36:33 AM spec.jbb.JBBmain DoARun -> INFO:   started user thread for Warehouse 13
Sep 22, 2009 8:36:33 AM spec.jbb.JBBmain DoARun -> INFO:   started user thread for Warehouse 14
Sep 22, 2009 8:36:33 AM spec.jbb.JBBmain DoARun -> INFO:   started user thread for Warehouse 15
Sep 22, 2009 8:36:33 AM spec.jbb.JBBmain DoARun -> INFO:   started user thread for Warehouse 16
Sep 22, 2009 8:36:33 AM spec.jbb.Company displayResultTotals -> INFO: Timing Measurement began Tue Sep 22 08:36:33 CDT 2009 for 4 minutes
Sep 22, 2009 8:40:35 AM spec.jbb.Company displayResultTotals -> INFO: Timing Measurement ended Tue Sep 22 08:40:34 CDT 2009
Sep 22, 2009 8:40:35 AM spec.jbb.JBBmain callReporter -> INFO: Calling Reporter
Sep 22, 2009 8:40:39 AM spec.jbb.JBBmain main -> INFO: Logging ended
