Sep 25, 2009 3:45:03 AM spec.jbb.JBBmain main -> INFO: Logging started
Sep 25, 2009 3:45:03 AM spec.jbb.Company primeWithDummyData -> INFO: Loading Warehouse 1...
Sep 25, 2009 3:45:03 AM spec.jbb.JBBmain DoARun -> INFO: Start User Threads
Sep 25, 2009 3:45:03 AM spec.jbb.JBBmain DoARun -> INFO:   started user thread for Warehouse 1
Sep 25, 2009 3:45:03 AM spec.jbb.Company displayResultTotals -> INFO: Timing Measurement began Fri Sep 25 03:45:03 CDT 2009 for 0.5 minutes
Sep 25, 2009 3:45:33 AM spec.jbb.Company displayResultTotals -> INFO: Timing Measurement ended Fri Sep 25 03:45:33 CDT 2009
Sep 25, 2009 3:45:33 AM spec.jbb.Company primeWithDummyData -> INFO: Loading Warehouse 2...
Sep 25, 2009 3:45:34 AM spec.jbb.JBBmain DoARun -> INFO: Start User Threads
Sep 25, 2009 3:45:34 AM spec.jbb.JBBmain DoARun -> INFO:   started user thread for Warehouse 1
Sep 25, 2009 3:45:34 AM spec.jbb.JBBmain DoARun -> INFO:   started user thread for Warehouse 2
Sep 25, 2009 3:45:34 AM spec.jbb.Company displayResultTotals -> INFO: Timing Measurement began Fri Sep 25 03:45:34 CDT 2009 for 0.5 minutes
Sep 25, 2009 3:46:04 AM spec.jbb.Company displayResultTotals -> INFO: Timing Measurement ended Fri Sep 25 03:46:04 CDT 2009
Sep 25, 2009 3:46:05 AM spec.jbb.Company primeWithDummyData -> INFO: Loading Warehouse 3...
Sep 25, 2009 3:46:05 AM spec.jbb.JBBmain DoARun -> INFO: Start User Threads
Sep 25, 2009 3:46:05 AM spec.jbb.JBBmain DoARun -> INFO:   started user thread for Warehouse 1
Sep 25, 2009 3:46:05 AM spec.jbb.JBBmain DoARun -> INFO:   started user thread for Warehouse 2
Sep 25, 2009 3:46:05 AM spec.jbb.JBBmain DoARun -> INFO:   started user thread for Warehouse 3
Sep 25, 2009 3:46:05 AM spec.jbb.Company displayResultTotals -> INFO: Timing Measurement began Fri Sep 25 03:46:05 CDT 2009 for 0.5 minutes
Sep 25, 2009 3:46:35 AM spec.jbb.Company displayResultTotals -> INFO: Timing Measurement ended Fri Sep 25 03:46:35 CDT 2009
Sep 25, 2009 3:46:36 AM spec.jbb.Company primeWithDummyData -> INFO: Loading Warehouse 4...
Sep 25, 2009 3:46:36 AM spec.jbb.JBBmain DoARun -> INFO: Start User Threads
Sep 25, 2009 3:46:36 AM spec.jbb.JBBmain DoARun -> INFO:   started user thread for Warehouse 1
Sep 25, 2009 3:46:36 AM spec.jbb.JBBmain DoARun -> INFO:   started user thread for Warehouse 2
Sep 25, 2009 3:46:36 AM spec.jbb.JBBmain DoARun -> INFO:   started user thread for Warehouse 3
Sep 25, 2009 3:46:36 AM spec.jbb.JBBmain DoARun -> INFO:   started user thread for Warehouse 4
Sep 25, 2009 3:46:36 AM spec.jbb.Company displayResultTotals -> INFO: Timing Measurement began Fri Sep 25 03:46:36 CDT 2009 for 4 minutes
Sep 25, 2009 3:50:36 AM spec.jbb.Company displayResultTotals -> INFO: Timing Measurement ended Fri Sep 25 03:50:36 CDT 2009
Sep 25, 2009 3:50:37 AM spec.jbb.Company primeWithDummyData -> INFO: Loading Warehouse 5...
Sep 25, 2009 3:50:37 AM spec.jbb.Company primeWithDummyData -> INFO: Loading Warehouse 6...
Sep 25, 2009 3:50:37 AM spec.jbb.Company primeWithDummyData -> INFO: Loading Warehouse 7...
Sep 25, 2009 3:50:38 AM spec.jbb.Company primeWithDummyData -> INFO: Loading Warehouse 8...
Sep 25, 2009 3:50:38 AM spec.jbb.JBBmain DoARun -> INFO: Start User Threads
Sep 25, 2009 3:50:38 AM spec.jbb.JBBmain DoARun -> INFO:   started user thread for Warehouse 1
Sep 25, 2009 3:50:38 AM spec.jbb.JBBmain DoARun -> INFO:   started user thread for Warehouse 2
Sep 25, 2009 3:50:38 AM spec.jbb.JBBmain DoARun -> INFO:   started user thread for Warehouse 3
Sep 25, 2009 3:50:38 AM spec.jbb.JBBmain DoARun -> INFO:   started user thread for Warehouse 4
Sep 25, 2009 3:50:38 AM spec.jbb.JBBmain DoARun -> INFO:   started user thread for Warehouse 5
Sep 25, 2009 3:50:38 AM spec.jbb.JBBmain DoARun -> INFO:   started user thread for Warehouse 6
Sep 25, 2009 3:50:38 AM spec.jbb.JBBmain DoARun -> INFO:   started user thread for Warehouse 7
Sep 25, 2009 3:50:38 AM spec.jbb.JBBmain DoARun -> INFO:   started user thread for Warehouse 8
Sep 25, 2009 3:50:38 AM spec.jbb.Company displayResultTotals -> INFO: Timing Measurement began Fri Sep 25 03:50:38 CDT 2009 for 4 minutes
Sep 25, 2009 3:54:38 AM spec.jbb.Company displayResultTotals -> INFO: Timing Measurement ended Fri Sep 25 03:54:38 CDT 2009
Sep 25, 2009 3:54:39 AM spec.jbb.Company primeWithDummyData -> INFO: Loading Warehouse 9...
Sep 25, 2009 3:54:39 AM spec.jbb.Company primeWithDummyData -> INFO: Loading Warehouse 10...
Sep 25, 2009 3:54:40 AM spec.jbb.Company primeWithDummyData -> INFO: Loading Warehouse 11...
Sep 25, 2009 3:54:41 AM spec.jbb.Company primeWithDummyData -> INFO: Loading Warehouse 12...
Sep 25, 2009 3:54:42 AM spec.jbb.JBBmain DoARun -> INFO: Start User Threads
Sep 25, 2009 3:54:42 AM spec.jbb.JBBmain DoARun -> INFO:   started user thread for Warehouse 1
Sep 25, 2009 3:54:42 AM spec.jbb.JBBmain DoARun -> INFO:   started user thread for Warehouse 2
Sep 25, 2009 3:54:42 AM spec.jbb.JBBmain DoARun -> INFO:   started user thread for Warehouse 3
Sep 25, 2009 3:54:42 AM spec.jbb.JBBmain DoARun -> INFO:   started user thread for Warehouse 4
Sep 25, 2009 3:54:42 AM spec.jbb.JBBmain DoARun -> INFO:   started user thread for Warehouse 5
Sep 25, 2009 3:54:42 AM spec.jbb.JBBmain DoARun -> INFO:   started user thread for Warehouse 6
Sep 25, 2009 3:54:42 AM spec.jbb.JBBmain DoARun -> INFO:   started user thread for Warehouse 7
Sep 25, 2009 3:54:42 AM spec.jbb.JBBmain DoARun -> INFO:   started user thread for Warehouse 8
Sep 25, 2009 3:54:42 AM spec.jbb.JBBmain DoARun -> INFO:   started user thread for Warehouse 9
Sep 25, 2009 3:54:42 AM spec.jbb.JBBmain DoARun -> INFO:   started user thread for Warehouse 10
Sep 25, 2009 3:54:42 AM spec.jbb.JBBmain DoARun -> INFO:   started user thread for Warehouse 11
Sep 25, 2009 3:54:42 AM spec.jbb.JBBmain DoARun -> INFO:   started user thread for Warehouse 12
Sep 25, 2009 3:54:42 AM spec.jbb.Company displayResultTotals -> INFO: Timing Measurement began Fri Sep 25 03:54:42 CDT 2009 for 4 minutes
Sep 25, 2009 3:58:47 AM spec.jbb.Company displayResultTotals -> INFO: Timing Measurement ended Fri Sep 25 03:58:47 CDT 2009
Sep 25, 2009 3:58:47 AM spec.jbb.Company primeWithDummyData -> INFO: Loading Warehouse 13...
Sep 25, 2009 3:58:48 AM spec.jbb.Company primeWithDummyData -> INFO: Loading Warehouse 14...
Sep 25, 2009 3:58:49 AM spec.jbb.Company primeWithDummyData -> INFO: Loading Warehouse 15...
Sep 25, 2009 3:58:50 AM spec.jbb.Company primeWithDummyData -> INFO: Loading Warehouse 16...
Sep 25, 2009 3:58:51 AM spec.jbb.JBBmain DoARun -> INFO: Start User Threads
Sep 25, 2009 3:58:52 AM spec.jbb.JBBmain DoARun -> INFO:   started user thread for Warehouse 1
Sep 25, 2009 3:58:52 AM spec.jbb.JBBmain DoARun -> INFO:   started user thread for Warehouse 2
Sep 25, 2009 3:58:52 AM spec.jbb.JBBmain DoARun -> INFO:   started user thread for Warehouse 3
Sep 25, 2009 3:58:52 AM spec.jbb.JBBmain DoARun -> INFO:   started user thread for Warehouse 4
Sep 25, 2009 3:58:52 AM spec.jbb.JBBmain DoARun -> INFO:   started user thread for Warehouse 5
Sep 25, 2009 3:58:52 AM spec.jbb.JBBmain DoARun -> INFO:   started user thread for Warehouse 6
Sep 25, 2009 3:58:52 AM spec.jbb.JBBmain DoARun -> INFO:   started user thread for Warehouse 7
Sep 25, 2009 3:58:52 AM spec.jbb.JBBmain DoARun -> INFO:   started user thread for Warehouse 8
Sep 25, 2009 3:58:52 AM spec.jbb.JBBmain DoARun -> INFO:   started user thread for Warehouse 9
Sep 25, 2009 3:58:52 AM spec.jbb.JBBmain DoARun -> INFO:   started user thread for Warehouse 10
Sep 25, 2009 3:58:52 AM spec.jbb.JBBmain DoARun -> INFO:   started user thread for Warehouse 11
Sep 25, 2009 3:58:52 AM spec.jbb.JBBmain DoARun -> INFO:   started user thread for Warehouse 12
Sep 25, 2009 3:58:52 AM spec.jbb.JBBmain DoARun -> INFO:   started user thread for Warehouse 13
Sep 25, 2009 3:58:52 AM spec.jbb.JBBmain DoARun -> INFO:   started user thread for Warehouse 14
Sep 25, 2009 3:58:52 AM spec.jbb.JBBmain DoARun -> INFO:   started user thread for Warehouse 15
Sep 25, 2009 3:58:52 AM spec.jbb.JBBmain DoARun -> INFO:   started user thread for Warehouse 16
Sep 25, 2009 3:58:52 AM spec.jbb.Company displayResultTotals -> INFO: Timing Measurement began Fri Sep 25 03:58:52 CDT 2009 for 4 minutes
Sep 25, 2009 4:02:53 AM spec.jbb.Company displayResultTotals -> INFO: Timing Measurement ended Fri Sep 25 04:02:52 CDT 2009
Sep 25, 2009 4:02:56 AM spec.jbb.JBBmain callReporter -> INFO: Calling Reporter
Sep 25, 2009 4:03:02 AM spec.jbb.JBBmain main -> INFO: Logging ended
