Sep 22, 2009 8:03:38 AM spec.jbb.JBBmain main -> INFO: Logging started
Sep 22, 2009 8:03:38 AM spec.jbb.Company primeWithDummyData -> INFO: Loading Warehouse 1...
Sep 22, 2009 8:03:38 AM spec.jbb.Company primeWithDummyData -> INFO: Loading Warehouse 2...
Sep 22, 2009 8:03:39 AM spec.jbb.Company primeWithDummyData -> INFO: Loading Warehouse 3...
Sep 22, 2009 8:03:39 AM spec.jbb.Company primeWithDummyData -> INFO: Loading Warehouse 4...
Sep 22, 2009 8:03:39 AM spec.jbb.Company primeWithDummyData -> INFO: Loading Warehouse 5...
Sep 22, 2009 8:03:40 AM spec.jbb.Company primeWithDummyData -> INFO: Loading Warehouse 6...
Sep 22, 2009 8:03:40 AM spec.jbb.Company primeWithDummyData -> INFO: Loading Warehouse 7...
Sep 22, 2009 8:03:40 AM spec.jbb.Company primeWithDummyData -> INFO: Loading Warehouse 8...
Sep 22, 2009 8:03:41 AM spec.jbb.Company primeWithDummyData -> INFO: Loading Warehouse 9...
Sep 22, 2009 8:03:41 AM spec.jbb.Company primeWithDummyData -> INFO: Loading Warehouse 10...
Sep 22, 2009 8:03:41 AM spec.jbb.Company primeWithDummyData -> INFO: Loading Warehouse 11...
Sep 22, 2009 8:03:41 AM spec.jbb.Company primeWithDummyData -> INFO: Loading Warehouse 12...
Sep 22, 2009 8:03:41 AM spec.jbb.Company primeWithDummyData -> INFO: Loading Warehouse 13...
Sep 22, 2009 8:03:42 AM spec.jbb.Company primeWithDummyData -> INFO: Loading Warehouse 14...
Sep 22, 2009 8:03:42 AM spec.jbb.Company primeWithDummyData -> INFO: Loading Warehouse 15...
Sep 22, 2009 8:03:42 AM spec.jbb.Company primeWithDummyData -> INFO: Loading Warehouse 16...
Sep 22, 2009 8:03:43 AM spec.jbb.JBBmain DoARun -> INFO: Start User Threads
Sep 22, 2009 8:03:43 AM spec.jbb.JBBmain DoARun -> INFO:   started user thread for Warehouse 1
Sep 22, 2009 8:03:43 AM spec.jbb.JBBmain DoARun -> INFO:   started user thread for Warehouse 2
Sep 22, 2009 8:03:43 AM spec.jbb.JBBmain DoARun -> INFO:   started user thread for Warehouse 3
Sep 22, 2009 8:03:43 AM spec.jbb.JBBmain DoARun -> INFO:   started user thread for Warehouse 4
Sep 22, 2009 8:03:43 AM spec.jbb.JBBmain DoARun -> INFO:   started user thread for Warehouse 5
Sep 22, 2009 8:03:43 AM spec.jbb.JBBmain DoARun -> INFO:   started user thread for Warehouse 6
Sep 22, 2009 8:03:43 AM spec.jbb.JBBmain DoARun -> INFO:   started user thread for Warehouse 7
Sep 22, 2009 8:03:43 AM spec.jbb.JBBmain DoARun -> INFO:   started user thread for Warehouse 8
Sep 22, 2009 8:03:43 AM spec.jbb.JBBmain DoARun -> INFO:   started user thread for Warehouse 9
Sep 22, 2009 8:03:43 AM spec.jbb.JBBmain DoARun -> INFO:   started user thread for Warehouse 10
Sep 22, 2009 8:03:43 AM spec.jbb.JBBmain DoARun -> INFO:   started user thread for Warehouse 11
Sep 22, 2009 8:03:43 AM spec.jbb.JBBmain DoARun -> INFO:   started user thread for Warehouse 12
Sep 22, 2009 8:03:43 AM spec.jbb.JBBmain DoARun -> INFO:   started user thread for Warehouse 13
Sep 22, 2009 8:03:43 AM spec.jbb.JBBmain DoARun -> INFO:   started user thread for Warehouse 14
Sep 22, 2009 8:03:43 AM spec.jbb.JBBmain DoARun -> INFO:   started user thread for Warehouse 15
Sep 22, 2009 8:03:43 AM spec.jbb.JBBmain DoARun -> INFO:   started user thread for Warehouse 16
Sep 22, 2009 8:03:43 AM spec.jbb.Company displayResultTotals -> INFO: Timing Measurement began Tue Sep 22 08:03:43 CDT 2009 for 4 minutes
Sep 22, 2009 8:07:45 AM spec.jbb.Company displayResultTotals -> INFO: Timing Measurement ended Tue Sep 22 08:07:44 CDT 2009
Sep 22, 2009 8:07:48 AM spec.jbb.JBBmain callReporter -> INFO: Calling Reporter
Sep 22, 2009 8:07:51 AM spec.jbb.JBBmain main -> INFO: Logging ended
