Oct 14, 2012 6:46:01 PM spec.jbb.JBBmain main -> INFO: Logging started
Oct 14, 2012 6:46:01 PM spec.jbb.Company primeWithDummyData -> INFO: Loading Warehouse 1...
Oct 14, 2012 6:46:01 PM spec.jbb.Company primeWithDummyData -> INFO: Loading Warehouse 2...
Oct 14, 2012 6:46:01 PM spec.jbb.Company primeWithDummyData -> INFO: Loading Warehouse 3...
Oct 14, 2012 6:46:01 PM spec.jbb.Company primeWithDummyData -> INFO: Loading Warehouse 4...
Oct 14, 2012 6:46:02 PM spec.jbb.Company primeWithDummyData -> INFO: Loading Warehouse 5...
Oct 14, 2012 6:46:02 PM spec.jbb.Company primeWithDummyData -> INFO: Loading Warehouse 6...
Oct 14, 2012 6:46:02 PM spec.jbb.Company primeWithDummyData -> INFO: Loading Warehouse 7...
Oct 14, 2012 6:46:02 PM spec.jbb.Company primeWithDummyData -> INFO: Loading Warehouse 8...
Oct 14, 2012 6:46:02 PM spec.jbb.Company primeWithDummyData -> INFO: Loading Warehouse 9...
Oct 14, 2012 6:46:02 PM spec.jbb.Company primeWithDummyData -> INFO: Loading Warehouse 10...
Oct 14, 2012 6:46:02 PM spec.jbb.Company primeWithDummyData -> INFO: Loading Warehouse 11...
Oct 14, 2012 6:46:02 PM spec.jbb.Company primeWithDummyData -> INFO: Loading Warehouse 12...
Oct 14, 2012 6:46:02 PM spec.jbb.Company primeWithDummyData -> INFO: Loading Warehouse 13...
Oct 14, 2012 6:46:03 PM spec.jbb.Company primeWithDummyData -> INFO: Loading Warehouse 14...
Oct 14, 2012 6:46:03 PM spec.jbb.Company primeWithDummyData -> INFO: Loading Warehouse 15...
Oct 14, 2012 6:46:03 PM spec.jbb.Company primeWithDummyData -> INFO: Loading Warehouse 16...
Oct 14, 2012 6:46:03 PM spec.jbb.JBBmain DoARun -> INFO: Start User Threads
Oct 14, 2012 6:46:03 PM spec.jbb.JBBmain DoARun -> INFO:   started user thread for Warehouse 1
Oct 14, 2012 6:46:03 PM spec.jbb.JBBmain DoARun -> INFO:   started user thread for Warehouse 2
Oct 14, 2012 6:46:03 PM spec.jbb.JBBmain DoARun -> INFO:   started user thread for Warehouse 3
Oct 14, 2012 6:46:03 PM spec.jbb.JBBmain DoARun -> INFO:   started user thread for Warehouse 4
Oct 14, 2012 6:46:03 PM spec.jbb.JBBmain DoARun -> INFO:   started user thread for Warehouse 5
Oct 14, 2012 6:46:03 PM spec.jbb.JBBmain DoARun -> INFO:   started user thread for Warehouse 6
Oct 14, 2012 6:46:03 PM spec.jbb.JBBmain DoARun -> INFO:   started user thread for Warehouse 7
Oct 14, 2012 6:46:03 PM spec.jbb.JBBmain DoARun -> INFO:   started user thread for Warehouse 8
Oct 14, 2012 6:46:03 PM spec.jbb.JBBmain DoARun -> INFO:   started user thread for Warehouse 9
Oct 14, 2012 6:46:03 PM spec.jbb.JBBmain DoARun -> INFO:   started user thread for Warehouse 10
Oct 14, 2012 6:46:03 PM spec.jbb.JBBmain DoARun -> INFO:   started user thread for Warehouse 11
Oct 14, 2012 6:46:03 PM spec.jbb.JBBmain DoARun -> INFO:   started user thread for Warehouse 12
Oct 14, 2012 6:46:03 PM spec.jbb.JBBmain DoARun -> INFO:   started user thread for Warehouse 13
Oct 14, 2012 6:46:03 PM spec.jbb.JBBmain DoARun -> INFO:   started user thread for Warehouse 14
Oct 14, 2012 6:46:03 PM spec.jbb.JBBmain DoARun -> INFO:   started user thread for Warehouse 15
Oct 14, 2012 6:46:03 PM spec.jbb.JBBmain DoARun -> INFO:   started user thread for Warehouse 16
Oct 14, 2012 6:46:03 PM spec.jbb.Company displayResultTotals -> INFO: Timing Measurement began Sun Oct 14 18:46:03 CDT 2012 for 4 minutes
Oct 14, 2012 6:50:03 PM spec.jbb.Company displayResultTotals -> INFO: Timing Measurement ended Sun Oct 14 18:50:03 CDT 2012
Oct 14, 2012 6:50:03 PM spec.jbb.JBBmain callReporter -> INFO: Calling Reporter
Oct 14, 2012 6:50:03 PM spec.jbb.JBBmain main -> INFO: Logging ended
