Oct 18, 2012 10:25:11 AM spec.jbb.JBBmain main -> INFO: Logging started
Oct 18, 2012 10:25:11 AM spec.jbb.Company primeWithDummyData -> INFO: Loading Warehouse 1...
Oct 18, 2012 10:25:11 AM spec.jbb.Company primeWithDummyData -> INFO: Loading Warehouse 2...
Oct 18, 2012 10:25:11 AM spec.jbb.Company primeWithDummyData -> INFO: Loading Warehouse 3...
Oct 18, 2012 10:25:11 AM spec.jbb.Company primeWithDummyData -> INFO: Loading Warehouse 4...
Oct 18, 2012 10:25:12 AM spec.jbb.Company primeWithDummyData -> INFO: Loading Warehouse 5...
Oct 18, 2012 10:25:12 AM spec.jbb.Company primeWithDummyData -> INFO: Loading Warehouse 6...
Oct 18, 2012 10:25:12 AM spec.jbb.Company primeWithDummyData -> INFO: Loading Warehouse 7...
Oct 18, 2012 10:25:12 AM spec.jbb.Company primeWithDummyData -> INFO: Loading Warehouse 8...
Oct 18, 2012 10:25:12 AM spec.jbb.Company primeWithDummyData -> INFO: Loading Warehouse 9...
Oct 18, 2012 10:25:12 AM spec.jbb.Company primeWithDummyData -> INFO: Loading Warehouse 10...
Oct 18, 2012 10:25:12 AM spec.jbb.Company primeWithDummyData -> INFO: Loading Warehouse 11...
Oct 18, 2012 10:25:12 AM spec.jbb.Company primeWithDummyData -> INFO: Loading Warehouse 12...
Oct 18, 2012 10:25:12 AM spec.jbb.Company primeWithDummyData -> INFO: Loading Warehouse 13...
Oct 18, 2012 10:25:13 AM spec.jbb.Company primeWithDummyData -> INFO: Loading Warehouse 14...
Oct 18, 2012 10:25:13 AM spec.jbb.Company primeWithDummyData -> INFO: Loading Warehouse 15...
Oct 18, 2012 10:25:13 AM spec.jbb.Company primeWithDummyData -> INFO: Loading Warehouse 16...
Oct 18, 2012 10:25:13 AM spec.jbb.JBBmain DoARun -> INFO: Start User Threads
Oct 18, 2012 10:25:13 AM spec.jbb.JBBmain DoARun -> INFO:   started user thread for Warehouse 1
Oct 18, 2012 10:25:13 AM spec.jbb.JBBmain DoARun -> INFO:   started user thread for Warehouse 2
Oct 18, 2012 10:25:13 AM spec.jbb.JBBmain DoARun -> INFO:   started user thread for Warehouse 3
Oct 18, 2012 10:25:13 AM spec.jbb.JBBmain DoARun -> INFO:   started user thread for Warehouse 4
Oct 18, 2012 10:25:13 AM spec.jbb.JBBmain DoARun -> INFO:   started user thread for Warehouse 5
Oct 18, 2012 10:25:13 AM spec.jbb.JBBmain DoARun -> INFO:   started user thread for Warehouse 6
Oct 18, 2012 10:25:13 AM spec.jbb.JBBmain DoARun -> INFO:   started user thread for Warehouse 7
Oct 18, 2012 10:25:13 AM spec.jbb.JBBmain DoARun -> INFO:   started user thread for Warehouse 8
Oct 18, 2012 10:25:13 AM spec.jbb.JBBmain DoARun -> INFO:   started user thread for Warehouse 9
Oct 18, 2012 10:25:13 AM spec.jbb.JBBmain DoARun -> INFO:   started user thread for Warehouse 10
Oct 18, 2012 10:25:13 AM spec.jbb.JBBmain DoARun -> INFO:   started user thread for Warehouse 11
Oct 18, 2012 10:25:13 AM spec.jbb.JBBmain DoARun -> INFO:   started user thread for Warehouse 12
Oct 18, 2012 10:25:13 AM spec.jbb.JBBmain DoARun -> INFO:   started user thread for Warehouse 13
Oct 18, 2012 10:25:13 AM spec.jbb.JBBmain DoARun -> INFO:   started user thread for Warehouse 14
Oct 18, 2012 10:25:13 AM spec.jbb.JBBmain DoARun -> INFO:   started user thread for Warehouse 15
Oct 18, 2012 10:25:13 AM spec.jbb.JBBmain DoARun -> INFO:   started user thread for Warehouse 16
Oct 18, 2012 10:25:13 AM spec.jbb.Company displayResultTotals -> INFO: Timing Measurement began Thu Oct 18 10:25:13 CDT 2012 for 4 minutes
Oct 18, 2012 10:29:13 AM spec.jbb.Company displayResultTotals -> INFO: Timing Measurement ended Thu Oct 18 10:29:13 CDT 2012
Oct 18, 2012 10:29:13 AM spec.jbb.JBBmain callReporter -> INFO: Calling Reporter
Oct 18, 2012 10:29:13 AM spec.jbb.JBBmain main -> INFO: Logging ended
