Sep 25, 2009 8:09:03 AM spec.jbb.JBBmain main -> INFO: Logging started
Sep 25, 2009 8:09:03 AM spec.jbb.Company primeWithDummyData -> INFO: Loading Warehouse 1...
Sep 25, 2009 8:09:03 AM spec.jbb.JBBmain DoARun -> INFO: Start User Threads
Sep 25, 2009 8:09:03 AM spec.jbb.JBBmain DoARun -> INFO:   started user thread for Warehouse 1
Sep 25, 2009 8:09:03 AM spec.jbb.Company displayResultTotals -> INFO: Timing Measurement began Fri Sep 25 08:09:03 CDT 2009 for 0.5 minutes
Sep 25, 2009 8:09:33 AM spec.jbb.Company displayResultTotals -> INFO: Timing Measurement ended Fri Sep 25 08:09:33 CDT 2009
Sep 25, 2009 8:09:33 AM spec.jbb.Company primeWithDummyData -> INFO: Loading Warehouse 2...
Sep 25, 2009 8:09:33 AM spec.jbb.Company primeWithDummyData -> INFO: Loading Warehouse 3...
Sep 25, 2009 8:09:34 AM spec.jbb.Company primeWithDummyData -> INFO: Loading Warehouse 4...
Sep 25, 2009 8:09:34 AM spec.jbb.Company primeWithDummyData -> INFO: Loading Warehouse 5...
Sep 25, 2009 8:09:34 AM spec.jbb.Company primeWithDummyData -> INFO: Loading Warehouse 6...
Sep 25, 2009 8:09:34 AM spec.jbb.Company primeWithDummyData -> INFO: Loading Warehouse 7...
Sep 25, 2009 8:09:35 AM spec.jbb.Company primeWithDummyData -> INFO: Loading Warehouse 8...
Sep 25, 2009 8:09:35 AM spec.jbb.Company primeWithDummyData -> INFO: Loading Warehouse 9...
Sep 25, 2009 8:09:35 AM spec.jbb.Company primeWithDummyData -> INFO: Loading Warehouse 10...
Sep 25, 2009 8:09:35 AM spec.jbb.Company primeWithDummyData -> INFO: Loading Warehouse 11...
Sep 25, 2009 8:09:36 AM spec.jbb.Company primeWithDummyData -> INFO: Loading Warehouse 12...
Sep 25, 2009 8:09:36 AM spec.jbb.Company primeWithDummyData -> INFO: Loading Warehouse 13...
Sep 25, 2009 8:09:36 AM spec.jbb.Company primeWithDummyData -> INFO: Loading Warehouse 14...
Sep 25, 2009 8:09:36 AM spec.jbb.Company primeWithDummyData -> INFO: Loading Warehouse 15...
Sep 25, 2009 8:09:36 AM spec.jbb.Company primeWithDummyData -> INFO: Loading Warehouse 16...
Sep 25, 2009 8:09:39 AM spec.jbb.JBBmain DoARun -> INFO: Start User Threads
Sep 25, 2009 8:09:40 AM spec.jbb.JBBmain DoARun -> INFO:   started user thread for Warehouse 1
Sep 25, 2009 8:09:40 AM spec.jbb.JBBmain DoARun -> INFO:   started user thread for Warehouse 2
Sep 25, 2009 8:09:40 AM spec.jbb.JBBmain DoARun -> INFO:   started user thread for Warehouse 3
Sep 25, 2009 8:09:40 AM spec.jbb.JBBmain DoARun -> INFO:   started user thread for Warehouse 4
Sep 25, 2009 8:09:40 AM spec.jbb.JBBmain DoARun -> INFO:   started user thread for Warehouse 5
Sep 25, 2009 8:09:40 AM spec.jbb.JBBmain DoARun -> INFO:   started user thread for Warehouse 6
Sep 25, 2009 8:09:41 AM spec.jbb.JBBmain DoARun -> INFO:   started user thread for Warehouse 7
Sep 25, 2009 8:09:41 AM spec.jbb.JBBmain DoARun -> INFO:   started user thread for Warehouse 8
Sep 25, 2009 8:09:41 AM spec.jbb.JBBmain DoARun -> INFO:   started user thread for Warehouse 9
Sep 25, 2009 8:09:41 AM spec.jbb.JBBmain DoARun -> INFO:   started user thread for Warehouse 10
Sep 25, 2009 8:09:41 AM spec.jbb.JBBmain DoARun -> INFO:   started user thread for Warehouse 11
Sep 25, 2009 8:09:41 AM spec.jbb.JBBmain DoARun -> INFO:   started user thread for Warehouse 12
Sep 25, 2009 8:09:41 AM spec.jbb.JBBmain DoARun -> INFO:   started user thread for Warehouse 13
Sep 25, 2009 8:09:41 AM spec.jbb.JBBmain DoARun -> INFO:   started user thread for Warehouse 14
Sep 25, 2009 8:09:41 AM spec.jbb.JBBmain DoARun -> INFO:   started user thread for Warehouse 15
Sep 25, 2009 8:09:41 AM spec.jbb.JBBmain DoARun -> INFO:   started user thread for Warehouse 16
Sep 25, 2009 8:09:41 AM spec.jbb.Company displayResultTotals -> INFO: Timing Measurement began Fri Sep 25 08:09:41 CDT 2009 for 4 minutes
Sep 25, 2009 8:13:45 AM spec.jbb.Company displayResultTotals -> INFO: Timing Measurement ended Fri Sep 25 08:13:42 CDT 2009
Sep 25, 2009 8:17:47 AM spec.jbb.JBBmain callReporter -> INFO: Calling Reporter
Sep 25, 2009 8:18:00 AM spec.jbb.JBBmain main -> INFO: Logging ended
