Sep 25, 2009 9:33:18 AM spec.jbb.JBBmain main -> INFO: Logging started
Sep 25, 2009 9:33:18 AM spec.jbb.Company primeWithDummyData -> INFO: Loading Warehouse 1...
Sep 25, 2009 9:33:18 AM spec.jbb.JBBmain DoARun -> INFO: Start User Threads
Sep 25, 2009 9:33:18 AM spec.jbb.JBBmain DoARun -> INFO:   started user thread for Warehouse 1
Sep 25, 2009 9:33:18 AM spec.jbb.Company displayResultTotals -> INFO: Timing Measurement began Fri Sep 25 09:33:18 CDT 2009 for 0.5 minutes
Sep 25, 2009 9:33:48 AM spec.jbb.Company displayResultTotals -> INFO: Timing Measurement ended Fri Sep 25 09:33:48 CDT 2009
Sep 25, 2009 9:33:48 AM spec.jbb.Company primeWithDummyData -> INFO: Loading Warehouse 2...
Sep 25, 2009 9:33:48 AM spec.jbb.Company primeWithDummyData -> INFO: Loading Warehouse 3...
Sep 25, 2009 9:33:49 AM spec.jbb.Company primeWithDummyData -> INFO: Loading Warehouse 4...
Sep 25, 2009 9:33:49 AM spec.jbb.Company primeWithDummyData -> INFO: Loading Warehouse 5...
Sep 25, 2009 9:33:49 AM spec.jbb.Company primeWithDummyData -> INFO: Loading Warehouse 6...
Sep 25, 2009 9:33:49 AM spec.jbb.Company primeWithDummyData -> INFO: Loading Warehouse 7...
Sep 25, 2009 9:33:50 AM spec.jbb.Company primeWithDummyData -> INFO: Loading Warehouse 8...
Sep 25, 2009 9:33:50 AM spec.jbb.Company primeWithDummyData -> INFO: Loading Warehouse 9...
Sep 25, 2009 9:33:50 AM spec.jbb.Company primeWithDummyData -> INFO: Loading Warehouse 10...
Sep 25, 2009 9:33:51 AM spec.jbb.Company primeWithDummyData -> INFO: Loading Warehouse 11...
Sep 25, 2009 9:33:51 AM spec.jbb.Company primeWithDummyData -> INFO: Loading Warehouse 12...
Sep 25, 2009 9:33:51 AM spec.jbb.Company primeWithDummyData -> INFO: Loading Warehouse 13...
Sep 25, 2009 9:33:51 AM spec.jbb.Company primeWithDummyData -> INFO: Loading Warehouse 14...
Sep 25, 2009 9:33:53 AM spec.jbb.Company primeWithDummyData -> INFO: Loading Warehouse 15...
Sep 25, 2009 9:33:53 AM spec.jbb.Company primeWithDummyData -> INFO: Loading Warehouse 16...
Sep 25, 2009 9:33:53 AM spec.jbb.JBBmain DoARun -> INFO: Start User Threads
Sep 25, 2009 9:33:53 AM spec.jbb.JBBmain DoARun -> INFO:   started user thread for Warehouse 1
Sep 25, 2009 9:33:53 AM spec.jbb.JBBmain DoARun -> INFO:   started user thread for Warehouse 2
Sep 25, 2009 9:33:53 AM spec.jbb.JBBmain DoARun -> INFO:   started user thread for Warehouse 3
Sep 25, 2009 9:33:53 AM spec.jbb.JBBmain DoARun -> INFO:   started user thread for Warehouse 4
Sep 25, 2009 9:33:53 AM spec.jbb.JBBmain DoARun -> INFO:   started user thread for Warehouse 5
Sep 25, 2009 9:33:53 AM spec.jbb.JBBmain DoARun -> INFO:   started user thread for Warehouse 6
Sep 25, 2009 9:33:53 AM spec.jbb.JBBmain DoARun -> INFO:   started user thread for Warehouse 7
Sep 25, 2009 9:33:53 AM spec.jbb.JBBmain DoARun -> INFO:   started user thread for Warehouse 8
Sep 25, 2009 9:33:53 AM spec.jbb.JBBmain DoARun -> INFO:   started user thread for Warehouse 9
Sep 25, 2009 9:33:53 AM spec.jbb.JBBmain DoARun -> INFO:   started user thread for Warehouse 10
Sep 25, 2009 9:33:53 AM spec.jbb.JBBmain DoARun -> INFO:   started user thread for Warehouse 11
Sep 25, 2009 9:33:53 AM spec.jbb.JBBmain DoARun -> INFO:   started user thread for Warehouse 12
Sep 25, 2009 9:33:53 AM spec.jbb.JBBmain DoARun -> INFO:   started user thread for Warehouse 13
Sep 25, 2009 9:33:53 AM spec.jbb.JBBmain DoARun -> INFO:   started user thread for Warehouse 14
Sep 25, 2009 9:33:53 AM spec.jbb.JBBmain DoARun -> INFO:   started user thread for Warehouse 15
Sep 25, 2009 9:33:53 AM spec.jbb.JBBmain DoARun -> INFO:   started user thread for Warehouse 16
Sep 25, 2009 9:33:53 AM spec.jbb.Company displayResultTotals -> INFO: Timing Measurement began Fri Sep 25 09:33:53 CDT 2009 for 10 minutes
Sep 25, 2009 9:43:57 AM spec.jbb.Company displayResultTotals -> INFO: Timing Measurement ended Fri Sep 25 09:43:54 CDT 2009
Sep 25, 2009 9:44:01 AM spec.jbb.JBBmain callReporter -> INFO: Calling Reporter
Sep 25, 2009 9:44:04 AM spec.jbb.JBBmain main -> INFO: Logging ended
