Sep 22, 2009 10:51:00 AM spec.jbb.JBBmain main -> INFO: Logging started
Sep 22, 2009 10:51:01 AM spec.jbb.Company primeWithDummyData -> INFO: Loading Warehouse 1...
Sep 22, 2009 10:51:01 AM spec.jbb.JBBmain DoARun -> INFO: Start User Threads
Sep 22, 2009 10:51:01 AM spec.jbb.JBBmain DoARun -> INFO:   started user thread for Warehouse 1
Sep 22, 2009 10:51:01 AM spec.jbb.Company displayResultTotals -> INFO: Timing Measurement began Tue Sep 22 10:51:01 CDT 2009 for 0.5 minutes
Sep 22, 2009 10:51:31 AM spec.jbb.Company displayResultTotals -> INFO: Timing Measurement ended Tue Sep 22 10:51:31 CDT 2009
Sep 22, 2009 10:51:31 AM spec.jbb.Company primeWithDummyData -> INFO: Loading Warehouse 2...
Sep 22, 2009 10:51:31 AM spec.jbb.JBBmain DoARun -> INFO: Start User Threads
Sep 22, 2009 10:51:31 AM spec.jbb.JBBmain DoARun -> INFO:   started user thread for Warehouse 1
Sep 22, 2009 10:51:31 AM spec.jbb.JBBmain DoARun -> INFO:   started user thread for Warehouse 2
Sep 22, 2009 10:51:31 AM spec.jbb.Company displayResultTotals -> INFO: Timing Measurement began Tue Sep 22 10:51:31 CDT 2009 for 0.5 minutes
Sep 22, 2009 10:52:01 AM spec.jbb.Company displayResultTotals -> INFO: Timing Measurement ended Tue Sep 22 10:52:01 CDT 2009
Sep 22, 2009 10:52:02 AM spec.jbb.Company primeWithDummyData -> INFO: Loading Warehouse 3...
Sep 22, 2009 10:52:02 AM spec.jbb.JBBmain DoARun -> INFO: Start User Threads
Sep 22, 2009 10:52:02 AM spec.jbb.JBBmain DoARun -> INFO:   started user thread for Warehouse 1
Sep 22, 2009 10:52:02 AM spec.jbb.JBBmain DoARun -> INFO:   started user thread for Warehouse 2
Sep 22, 2009 10:52:02 AM spec.jbb.JBBmain DoARun -> INFO:   started user thread for Warehouse 3
Sep 22, 2009 10:52:02 AM spec.jbb.Company displayResultTotals -> INFO: Timing Measurement began Tue Sep 22 10:52:02 CDT 2009 for 0.5 minutes
Sep 22, 2009 10:52:32 AM spec.jbb.Company displayResultTotals -> INFO: Timing Measurement ended Tue Sep 22 10:52:32 CDT 2009
Sep 22, 2009 10:52:32 AM spec.jbb.Company primeWithDummyData -> INFO: Loading Warehouse 4...
Sep 22, 2009 10:52:33 AM spec.jbb.JBBmain DoARun -> INFO: Start User Threads
Sep 22, 2009 10:52:33 AM spec.jbb.JBBmain DoARun -> INFO:   started user thread for Warehouse 1
Sep 22, 2009 10:52:33 AM spec.jbb.JBBmain DoARun -> INFO:   started user thread for Warehouse 2
Sep 22, 2009 10:52:33 AM spec.jbb.JBBmain DoARun -> INFO:   started user thread for Warehouse 3
Sep 22, 2009 10:52:33 AM spec.jbb.JBBmain DoARun -> INFO:   started user thread for Warehouse 4
Sep 22, 2009 10:52:33 AM spec.jbb.Company displayResultTotals -> INFO: Timing Measurement began Tue Sep 22 10:52:33 CDT 2009 for 4 minutes
Sep 22, 2009 10:56:33 AM spec.jbb.Company displayResultTotals -> INFO: Timing Measurement ended Tue Sep 22 10:56:33 CDT 2009
Sep 22, 2009 10:56:34 AM spec.jbb.Company primeWithDummyData -> INFO: Loading Warehouse 5...
Sep 22, 2009 10:56:34 AM spec.jbb.Company primeWithDummyData -> INFO: Loading Warehouse 6...
Sep 22, 2009 10:56:34 AM spec.jbb.Company primeWithDummyData -> INFO: Loading Warehouse 7...
Sep 22, 2009 10:56:34 AM spec.jbb.Company primeWithDummyData -> INFO: Loading Warehouse 8...
Sep 22, 2009 10:56:34 AM spec.jbb.JBBmain DoARun -> INFO: Start User Threads
Sep 22, 2009 10:56:34 AM spec.jbb.JBBmain DoARun -> INFO:   started user thread for Warehouse 1
Sep 22, 2009 10:56:34 AM spec.jbb.JBBmain DoARun -> INFO:   started user thread for Warehouse 2
Sep 22, 2009 10:56:34 AM spec.jbb.JBBmain DoARun -> INFO:   started user thread for Warehouse 3
Sep 22, 2009 10:56:34 AM spec.jbb.JBBmain DoARun -> INFO:   started user thread for Warehouse 4
Sep 22, 2009 10:56:34 AM spec.jbb.JBBmain DoARun -> INFO:   started user thread for Warehouse 5
Sep 22, 2009 10:56:34 AM spec.jbb.JBBmain DoARun -> INFO:   started user thread for Warehouse 6
Sep 22, 2009 10:56:34 AM spec.jbb.JBBmain DoARun -> INFO:   started user thread for Warehouse 7
Sep 22, 2009 10:56:34 AM spec.jbb.JBBmain DoARun -> INFO:   started user thread for Warehouse 8
Sep 22, 2009 10:56:34 AM spec.jbb.Company displayResultTotals -> INFO: Timing Measurement began Tue Sep 22 10:56:34 CDT 2009 for 4 minutes
Sep 22, 2009 11:00:38 AM spec.jbb.Company displayResultTotals -> INFO: Timing Measurement ended Tue Sep 22 11:00:37 CDT 2009
Sep 22, 2009 11:00:42 AM spec.jbb.Company primeWithDummyData -> INFO: Loading Warehouse 9...
Sep 22, 2009 11:00:42 AM spec.jbb.Company primeWithDummyData -> INFO: Loading Warehouse 10...
Sep 22, 2009 11:00:42 AM spec.jbb.Company primeWithDummyData -> INFO: Loading Warehouse 11...
Sep 22, 2009 11:00:42 AM spec.jbb.Company primeWithDummyData -> INFO: Loading Warehouse 12...
Sep 22, 2009 11:00:43 AM spec.jbb.JBBmain DoARun -> INFO: Start User Threads
Sep 22, 2009 11:00:43 AM spec.jbb.JBBmain DoARun -> INFO:   started user thread for Warehouse 1
Sep 22, 2009 11:00:43 AM spec.jbb.JBBmain DoARun -> INFO:   started user thread for Warehouse 2
Sep 22, 2009 11:00:43 AM spec.jbb.JBBmain DoARun -> INFO:   started user thread for Warehouse 3
Sep 22, 2009 11:00:43 AM spec.jbb.JBBmain DoARun -> INFO:   started user thread for Warehouse 4
Sep 22, 2009 11:00:43 AM spec.jbb.JBBmain DoARun -> INFO:   started user thread for Warehouse 5
Sep 22, 2009 11:00:43 AM spec.jbb.JBBmain DoARun -> INFO:   started user thread for Warehouse 6
Sep 22, 2009 11:00:43 AM spec.jbb.JBBmain DoARun -> INFO:   started user thread for Warehouse 7
Sep 22, 2009 11:00:43 AM spec.jbb.JBBmain DoARun -> INFO:   started user thread for Warehouse 8
Sep 22, 2009 11:00:43 AM spec.jbb.JBBmain DoARun -> INFO:   started user thread for Warehouse 9
Sep 22, 2009 11:00:43 AM spec.jbb.JBBmain DoARun -> INFO:   started user thread for Warehouse 10
Sep 22, 2009 11:00:43 AM spec.jbb.JBBmain DoARun -> INFO:   started user thread for Warehouse 11
Sep 22, 2009 11:00:43 AM spec.jbb.JBBmain DoARun -> INFO:   started user thread for Warehouse 12
Sep 22, 2009 11:02:11 AM spec.jbb.Company displayResultTotals -> INFO: Timing Measurement began Tue Sep 22 11:00:43 CDT 2009 for 4 minutes
Sep 22, 2009 11:06:16 AM spec.jbb.Company displayResultTotals -> INFO: Timing Measurement ended Tue Sep 22 11:06:14 CDT 2009
Sep 22, 2009 11:06:26 AM spec.jbb.Company primeWithDummyData -> INFO: Loading Warehouse 13...
Sep 22, 2009 11:06:27 AM spec.jbb.Company primeWithDummyData -> INFO: Loading Warehouse 14...
Sep 22, 2009 11:06:27 AM spec.jbb.Company primeWithDummyData -> INFO: Loading Warehouse 15...
Sep 22, 2009 11:06:27 AM spec.jbb.Company primeWithDummyData -> INFO: Loading Warehouse 16...
Sep 22, 2009 11:06:27 AM spec.jbb.JBBmain DoARun -> INFO: Start User Threads
Sep 22, 2009 11:06:27 AM spec.jbb.JBBmain DoARun -> INFO:   started user thread for Warehouse 1
Sep 22, 2009 11:06:27 AM spec.jbb.JBBmain DoARun -> INFO:   started user thread for Warehouse 2
Sep 22, 2009 11:06:27 AM spec.jbb.JBBmain DoARun -> INFO:   started user thread for Warehouse 3
Sep 22, 2009 11:06:27 AM spec.jbb.JBBmain DoARun -> INFO:   started user thread for Warehouse 4
Sep 22, 2009 11:06:27 AM spec.jbb.JBBmain DoARun -> INFO:   started user thread for Warehouse 5
Sep 22, 2009 11:06:27 AM spec.jbb.JBBmain DoARun -> INFO:   started user thread for Warehouse 6
Sep 22, 2009 11:06:27 AM spec.jbb.JBBmain DoARun -> INFO:   started user thread for Warehouse 7
Sep 22, 2009 11:06:27 AM spec.jbb.JBBmain DoARun -> INFO:   started user thread for Warehouse 8
Sep 22, 2009 11:06:27 AM spec.jbb.JBBmain DoARun -> INFO:   started user thread for Warehouse 9
Sep 22, 2009 11:06:27 AM spec.jbb.JBBmain DoARun -> INFO:   started user thread for Warehouse 10
Sep 22, 2009 11:06:27 AM spec.jbb.JBBmain DoARun -> INFO:   started user thread for Warehouse 11
Sep 22, 2009 11:06:27 AM spec.jbb.JBBmain DoARun -> INFO:   started user thread for Warehouse 12
Sep 22, 2009 11:06:27 AM spec.jbb.JBBmain DoARun -> INFO:   started user thread for Warehouse 13
Sep 22, 2009 11:06:27 AM spec.jbb.JBBmain DoARun -> INFO:   started user thread for Warehouse 14
Sep 22, 2009 11:06:27 AM spec.jbb.JBBmain DoARun -> INFO:   started user thread for Warehouse 15
Sep 22, 2009 11:06:27 AM spec.jbb.JBBmain DoARun -> INFO:   started user thread for Warehouse 16
Sep 22, 2009 11:06:28 AM spec.jbb.Company displayResultTotals -> INFO: Timing Measurement began Tue Sep 22 11:06:27 CDT 2009 for 4 minutes
Sep 22, 2009 11:12:15 AM spec.jbb.Company displayResultTotals -> INFO: Timing Measurement ended Tue Sep 22 11:11:53 CDT 2009
Sep 22, 2009 11:16:10 AM spec.jbb.JBBmain callReporter -> INFO: Calling Reporter
Sep 22, 2009 11:16:19 AM spec.jbb.JBBmain main -> INFO: Logging ended
