Sep 26, 2009 8:46:10 AM spec.jbb.JBBmain main -> INFO: Logging started
Sep 26, 2009 8:46:10 AM spec.jbb.Company primeWithDummyData -> INFO: Loading Warehouse 1...
Sep 26, 2009 8:46:10 AM spec.jbb.Company primeWithDummyData -> INFO: Loading Warehouse 2...
Sep 26, 2009 8:46:11 AM spec.jbb.Company primeWithDummyData -> INFO: Loading Warehouse 3...
Sep 26, 2009 8:46:11 AM spec.jbb.Company primeWithDummyData -> INFO: Loading Warehouse 4...
Sep 26, 2009 8:46:11 AM spec.jbb.Company primeWithDummyData -> INFO: Loading Warehouse 5...
Sep 26, 2009 8:46:11 AM spec.jbb.Company primeWithDummyData -> INFO: Loading Warehouse 6...
Sep 26, 2009 8:46:12 AM spec.jbb.Company primeWithDummyData -> INFO: Loading Warehouse 7...
Sep 26, 2009 8:46:12 AM spec.jbb.Company primeWithDummyData -> INFO: Loading Warehouse 8...
Sep 26, 2009 8:46:13 AM spec.jbb.Company primeWithDummyData -> INFO: Loading Warehouse 9...
Sep 26, 2009 8:46:13 AM spec.jbb.Company primeWithDummyData -> INFO: Loading Warehouse 10...
Sep 26, 2009 8:46:13 AM spec.jbb.Company primeWithDummyData -> INFO: Loading Warehouse 11...
Sep 26, 2009 8:46:13 AM spec.jbb.Company primeWithDummyData -> INFO: Loading Warehouse 12...
Sep 26, 2009 8:46:13 AM spec.jbb.Company primeWithDummyData -> INFO: Loading Warehouse 13...
Sep 26, 2009 8:46:14 AM spec.jbb.Company primeWithDummyData -> INFO: Loading Warehouse 14...
Sep 26, 2009 8:46:14 AM spec.jbb.Company primeWithDummyData -> INFO: Loading Warehouse 15...
Sep 26, 2009 8:46:14 AM spec.jbb.Company primeWithDummyData -> INFO: Loading Warehouse 16...
Sep 26, 2009 8:46:14 AM spec.jbb.JBBmain DoARun -> INFO: Start User Threads
Sep 26, 2009 8:46:14 AM spec.jbb.JBBmain DoARun -> INFO:   started user thread for Warehouse 1
Sep 26, 2009 8:46:14 AM spec.jbb.JBBmain DoARun -> INFO:   started user thread for Warehouse 2
Sep 26, 2009 8:46:14 AM spec.jbb.JBBmain DoARun -> INFO:   started user thread for Warehouse 3
Sep 26, 2009 8:46:14 AM spec.jbb.JBBmain DoARun -> INFO:   started user thread for Warehouse 4
Sep 26, 2009 8:46:14 AM spec.jbb.JBBmain DoARun -> INFO:   started user thread for Warehouse 5
Sep 26, 2009 8:46:14 AM spec.jbb.JBBmain DoARun -> INFO:   started user thread for Warehouse 6
Sep 26, 2009 8:46:14 AM spec.jbb.JBBmain DoARun -> INFO:   started user thread for Warehouse 7
Sep 26, 2009 8:46:14 AM spec.jbb.JBBmain DoARun -> INFO:   started user thread for Warehouse 8
Sep 26, 2009 8:46:14 AM spec.jbb.JBBmain DoARun -> INFO:   started user thread for Warehouse 9
Sep 26, 2009 8:46:14 AM spec.jbb.JBBmain DoARun -> INFO:   started user thread for Warehouse 10
Sep 26, 2009 8:46:14 AM spec.jbb.JBBmain DoARun -> INFO:   started user thread for Warehouse 11
Sep 26, 2009 8:46:14 AM spec.jbb.JBBmain DoARun -> INFO:   started user thread for Warehouse 12
Sep 26, 2009 8:46:14 AM spec.jbb.JBBmain DoARun -> INFO:   started user thread for Warehouse 13
Sep 26, 2009 8:46:15 AM spec.jbb.JBBmain DoARun -> INFO:   started user thread for Warehouse 14
Sep 26, 2009 8:46:15 AM spec.jbb.JBBmain DoARun -> INFO:   started user thread for Warehouse 15
Sep 26, 2009 8:46:15 AM spec.jbb.JBBmain DoARun -> INFO:   started user thread for Warehouse 16
Sep 26, 2009 8:46:15 AM spec.jbb.Company displayResultTotals -> INFO: Timing Measurement began Sat Sep 26 08:46:15 CDT 2009 for 4 minutes
Sep 26, 2009 8:50:15 AM spec.jbb.Company displayResultTotals -> INFO: Timing Measurement ended Sat Sep 26 08:50:15 CDT 2009
Sep 26, 2009 8:50:16 AM spec.jbb.JBBmain callReporter -> INFO: Calling Reporter
Sep 26, 2009 8:50:19 AM spec.jbb.JBBmain main -> INFO: Logging ended
