Sep 26, 2009 7:50:22 AM spec.jbb.JBBmain main -> INFO: Logging started
Sep 26, 2009 7:50:22 AM spec.jbb.Company primeWithDummyData -> INFO: Loading Warehouse 1...
Sep 26, 2009 7:50:22 AM spec.jbb.Company primeWithDummyData -> INFO: Loading Warehouse 2...
Sep 26, 2009 7:50:23 AM spec.jbb.Company primeWithDummyData -> INFO: Loading Warehouse 3...
Sep 26, 2009 7:50:23 AM spec.jbb.Company primeWithDummyData -> INFO: Loading Warehouse 4...
Sep 26, 2009 7:50:23 AM spec.jbb.Company primeWithDummyData -> INFO: Loading Warehouse 5...
Sep 26, 2009 7:50:24 AM spec.jbb.Company primeWithDummyData -> INFO: Loading Warehouse 6...
Sep 26, 2009 7:50:24 AM spec.jbb.Company primeWithDummyData -> INFO: Loading Warehouse 7...
Sep 26, 2009 7:50:24 AM spec.jbb.Company primeWithDummyData -> INFO: Loading Warehouse 8...
Sep 26, 2009 7:50:25 AM spec.jbb.Company primeWithDummyData -> INFO: Loading Warehouse 9...
Sep 26, 2009 7:50:25 AM spec.jbb.Company primeWithDummyData -> INFO: Loading Warehouse 10...
Sep 26, 2009 7:50:25 AM spec.jbb.Company primeWithDummyData -> INFO: Loading Warehouse 11...
Sep 26, 2009 7:50:25 AM spec.jbb.Company primeWithDummyData -> INFO: Loading Warehouse 12...
Sep 26, 2009 7:50:25 AM spec.jbb.Company primeWithDummyData -> INFO: Loading Warehouse 13...
Sep 26, 2009 7:50:27 AM spec.jbb.Company primeWithDummyData -> INFO: Loading Warehouse 14...
Sep 26, 2009 7:50:28 AM spec.jbb.Company primeWithDummyData -> INFO: Loading Warehouse 15...
Sep 26, 2009 7:50:28 AM spec.jbb.Company primeWithDummyData -> INFO: Loading Warehouse 16...
Sep 26, 2009 7:50:28 AM spec.jbb.JBBmain DoARun -> INFO: Start User Threads
Sep 26, 2009 7:50:28 AM spec.jbb.JBBmain DoARun -> INFO:   started user thread for Warehouse 1
Sep 26, 2009 7:50:28 AM spec.jbb.JBBmain DoARun -> INFO:   started user thread for Warehouse 2
Sep 26, 2009 7:50:28 AM spec.jbb.JBBmain DoARun -> INFO:   started user thread for Warehouse 3
Sep 26, 2009 7:50:28 AM spec.jbb.JBBmain DoARun -> INFO:   started user thread for Warehouse 4
Sep 26, 2009 7:50:28 AM spec.jbb.JBBmain DoARun -> INFO:   started user thread for Warehouse 5
Sep 26, 2009 7:50:28 AM spec.jbb.JBBmain DoARun -> INFO:   started user thread for Warehouse 6
Sep 26, 2009 7:50:28 AM spec.jbb.JBBmain DoARun -> INFO:   started user thread for Warehouse 7
Sep 26, 2009 7:50:28 AM spec.jbb.JBBmain DoARun -> INFO:   started user thread for Warehouse 8
Sep 26, 2009 7:50:28 AM spec.jbb.JBBmain DoARun -> INFO:   started user thread for Warehouse 9
Sep 26, 2009 7:50:28 AM spec.jbb.JBBmain DoARun -> INFO:   started user thread for Warehouse 10
Sep 26, 2009 7:50:28 AM spec.jbb.JBBmain DoARun -> INFO:   started user thread for Warehouse 11
Sep 26, 2009 7:50:28 AM spec.jbb.JBBmain DoARun -> INFO:   started user thread for Warehouse 12
Sep 26, 2009 7:50:28 AM spec.jbb.JBBmain DoARun -> INFO:   started user thread for Warehouse 13
Sep 26, 2009 7:50:28 AM spec.jbb.JBBmain DoARun -> INFO:   started user thread for Warehouse 14
Sep 26, 2009 7:50:28 AM spec.jbb.JBBmain DoARun -> INFO:   started user thread for Warehouse 15
Sep 26, 2009 7:50:28 AM spec.jbb.JBBmain DoARun -> INFO:   started user thread for Warehouse 16
Sep 26, 2009 7:50:30 AM spec.jbb.Company displayResultTotals -> INFO: Timing Measurement began Sat Sep 26 07:50:30 CDT 2009 for 4 minutes
Sep 26, 2009 7:54:34 AM spec.jbb.Company displayResultTotals -> INFO: Timing Measurement ended Sat Sep 26 07:54:31 CDT 2009
Sep 26, 2009 7:54:39 AM spec.jbb.JBBmain callReporter -> INFO: Calling Reporter
Sep 26, 2009 7:54:43 AM spec.jbb.JBBmain main -> INFO: Logging ended
