Sep 21, 2009 9:24:35 AM spec.jbb.JBBmain main -> INFO: Logging started
Sep 21, 2009 9:24:35 AM spec.jbb.Company primeWithDummyData -> INFO: Loading Warehouse 1...
Sep 21, 2009 9:24:35 AM spec.jbb.JBBmain DoARun -> INFO: Start User Threads
Sep 21, 2009 9:24:35 AM spec.jbb.JBBmain DoARun -> INFO:   started user thread for Warehouse 1
Sep 21, 2009 9:24:35 AM spec.jbb.Company displayResultTotals -> INFO: Timing Measurement began Mon Sep 21 09:24:35 CDT 2009 for 0.5 minutes
Sep 21, 2009 9:25:05 AM spec.jbb.Company displayResultTotals -> INFO: Timing Measurement ended Mon Sep 21 09:25:05 CDT 2009
Sep 21, 2009 9:25:05 AM spec.jbb.Company primeWithDummyData -> INFO: Loading Warehouse 2...
Sep 21, 2009 9:25:05 AM spec.jbb.JBBmain DoARun -> INFO: Start User Threads
Sep 21, 2009 9:25:05 AM spec.jbb.JBBmain DoARun -> INFO:   started user thread for Warehouse 1
Sep 21, 2009 9:25:05 AM spec.jbb.JBBmain DoARun -> INFO:   started user thread for Warehouse 2
Sep 21, 2009 9:25:05 AM spec.jbb.Company displayResultTotals -> INFO: Timing Measurement began Mon Sep 21 09:25:05 CDT 2009 for 0.5 minutes
Sep 21, 2009 9:25:35 AM spec.jbb.Company displayResultTotals -> INFO: Timing Measurement ended Mon Sep 21 09:25:35 CDT 2009
Sep 21, 2009 9:25:35 AM spec.jbb.Company primeWithDummyData -> INFO: Loading Warehouse 3...
Sep 21, 2009 9:25:35 AM spec.jbb.JBBmain DoARun -> INFO: Start User Threads
Sep 21, 2009 9:25:35 AM spec.jbb.JBBmain DoARun -> INFO:   started user thread for Warehouse 1
Sep 21, 2009 9:25:35 AM spec.jbb.JBBmain DoARun -> INFO:   started user thread for Warehouse 2
Sep 21, 2009 9:25:35 AM spec.jbb.JBBmain DoARun -> INFO:   started user thread for Warehouse 3
Sep 21, 2009 9:25:35 AM spec.jbb.Company displayResultTotals -> INFO: Timing Measurement began Mon Sep 21 09:25:35 CDT 2009 for 0.5 minutes
Sep 21, 2009 9:26:05 AM spec.jbb.Company displayResultTotals -> INFO: Timing Measurement ended Mon Sep 21 09:26:05 CDT 2009
Sep 21, 2009 9:26:05 AM spec.jbb.Company primeWithDummyData -> INFO: Loading Warehouse 4...
Sep 21, 2009 9:26:06 AM spec.jbb.JBBmain DoARun -> INFO: Start User Threads
Sep 21, 2009 9:26:06 AM spec.jbb.JBBmain DoARun -> INFO:   started user thread for Warehouse 1
Sep 21, 2009 9:26:06 AM spec.jbb.JBBmain DoARun -> INFO:   started user thread for Warehouse 2
Sep 21, 2009 9:26:06 AM spec.jbb.JBBmain DoARun -> INFO:   started user thread for Warehouse 3
Sep 21, 2009 9:26:06 AM spec.jbb.JBBmain DoARun -> INFO:   started user thread for Warehouse 4
Sep 21, 2009 9:26:06 AM spec.jbb.Company displayResultTotals -> INFO: Timing Measurement began Mon Sep 21 09:26:06 CDT 2009 for 4 minutes
Sep 21, 2009 9:30:06 AM spec.jbb.Company displayResultTotals -> INFO: Timing Measurement ended Mon Sep 21 09:30:06 CDT 2009
Sep 21, 2009 9:30:06 AM spec.jbb.Company primeWithDummyData -> INFO: Loading Warehouse 5...
Sep 21, 2009 9:30:06 AM spec.jbb.JBBmain DoARun -> INFO: Start User Threads
Sep 21, 2009 9:30:06 AM spec.jbb.JBBmain DoARun -> INFO:   started user thread for Warehouse 1
Sep 21, 2009 9:30:06 AM spec.jbb.JBBmain DoARun -> INFO:   started user thread for Warehouse 2
Sep 21, 2009 9:30:06 AM spec.jbb.JBBmain DoARun -> INFO:   started user thread for Warehouse 3
Sep 21, 2009 9:30:06 AM spec.jbb.JBBmain DoARun -> INFO:   started user thread for Warehouse 4
Sep 21, 2009 9:30:06 AM spec.jbb.JBBmain DoARun -> INFO:   started user thread for Warehouse 5
Sep 21, 2009 9:30:06 AM spec.jbb.Company displayResultTotals -> INFO: Timing Measurement began Mon Sep 21 09:30:06 CDT 2009 for 4 minutes
Sep 21, 2009 9:34:06 AM spec.jbb.Company displayResultTotals -> INFO: Timing Measurement ended Mon Sep 21 09:34:06 CDT 2009
Sep 21, 2009 9:34:06 AM spec.jbb.Company primeWithDummyData -> INFO: Loading Warehouse 6...
Sep 21, 2009 9:34:06 AM spec.jbb.JBBmain DoARun -> INFO: Start User Threads
Sep 21, 2009 9:34:06 AM spec.jbb.JBBmain DoARun -> INFO:   started user thread for Warehouse 1
Sep 21, 2009 9:34:06 AM spec.jbb.JBBmain DoARun -> INFO:   started user thread for Warehouse 2
Sep 21, 2009 9:34:06 AM spec.jbb.JBBmain DoARun -> INFO:   started user thread for Warehouse 3
Sep 21, 2009 9:34:06 AM spec.jbb.JBBmain DoARun -> INFO:   started user thread for Warehouse 4
Sep 21, 2009 9:34:06 AM spec.jbb.JBBmain DoARun -> INFO:   started user thread for Warehouse 5
Sep 21, 2009 9:34:06 AM spec.jbb.JBBmain DoARun -> INFO:   started user thread for Warehouse 6
Sep 21, 2009 9:34:06 AM spec.jbb.Company displayResultTotals -> INFO: Timing Measurement began Mon Sep 21 09:34:06 CDT 2009 for 4 minutes
Sep 21, 2009 9:38:06 AM spec.jbb.Company displayResultTotals -> INFO: Timing Measurement ended Mon Sep 21 09:38:06 CDT 2009
Sep 21, 2009 9:38:07 AM spec.jbb.Company primeWithDummyData -> INFO: Loading Warehouse 7...
Sep 21, 2009 9:38:07 AM spec.jbb.JBBmain DoARun -> INFO: Start User Threads
Sep 21, 2009 9:38:07 AM spec.jbb.JBBmain DoARun -> INFO:   started user thread for Warehouse 1
Sep 21, 2009 9:38:07 AM spec.jbb.JBBmain DoARun -> INFO:   started user thread for Warehouse 2
Sep 21, 2009 9:38:07 AM spec.jbb.JBBmain DoARun -> INFO:   started user thread for Warehouse 3
Sep 21, 2009 9:38:07 AM spec.jbb.JBBmain DoARun -> INFO:   started user thread for Warehouse 4
Sep 21, 2009 9:38:07 AM spec.jbb.JBBmain DoARun -> INFO:   started user thread for Warehouse 5
Sep 21, 2009 9:38:07 AM spec.jbb.JBBmain DoARun -> INFO:   started user thread for Warehouse 6
Sep 21, 2009 9:38:07 AM spec.jbb.JBBmain DoARun -> INFO:   started user thread for Warehouse 7
Sep 21, 2009 9:38:07 AM spec.jbb.Company displayResultTotals -> INFO: Timing Measurement began Mon Sep 21 09:38:07 CDT 2009 for 4 minutes
Sep 21, 2009 9:42:07 AM spec.jbb.Company displayResultTotals -> INFO: Timing Measurement ended Mon Sep 21 09:42:07 CDT 2009
Sep 21, 2009 9:42:07 AM spec.jbb.Company primeWithDummyData -> INFO: Loading Warehouse 8...
Sep 21, 2009 9:42:08 AM spec.jbb.JBBmain DoARun -> INFO: Start User Threads
Sep 21, 2009 9:42:08 AM spec.jbb.JBBmain DoARun -> INFO:   started user thread for Warehouse 1
Sep 21, 2009 9:42:08 AM spec.jbb.JBBmain DoARun -> INFO:   started user thread for Warehouse 2
Sep 21, 2009 9:42:08 AM spec.jbb.JBBmain DoARun -> INFO:   started user thread for Warehouse 3
Sep 21, 2009 9:42:08 AM spec.jbb.JBBmain DoARun -> INFO:   started user thread for Warehouse 4
Sep 21, 2009 9:42:08 AM spec.jbb.JBBmain DoARun -> INFO:   started user thread for Warehouse 5
Sep 21, 2009 9:42:08 AM spec.jbb.JBBmain DoARun -> INFO:   started user thread for Warehouse 6
Sep 21, 2009 9:42:08 AM spec.jbb.JBBmain DoARun -> INFO:   started user thread for Warehouse 7
Sep 21, 2009 9:42:08 AM spec.jbb.JBBmain DoARun -> INFO:   started user thread for Warehouse 8
Sep 21, 2009 9:42:08 AM spec.jbb.Company displayResultTotals -> INFO: Timing Measurement began Mon Sep 21 09:42:08 CDT 2009 for 4 minutes
Sep 21, 2009 9:46:08 AM spec.jbb.Company displayResultTotals -> INFO: Timing Measurement ended Mon Sep 21 09:46:08 CDT 2009
Sep 21, 2009 9:46:08 AM spec.jbb.JBBmain callReporter -> INFO: Calling Reporter
Sep 21, 2009 9:46:12 AM spec.jbb.JBBmain main -> INFO: Logging ended
