535920   264 131414      2
535920   264 131414      2
535920   264 131414      2
535920   264 131414      2
535920   264 131414      2
535920   264 131414      2
535920   264 131414      2
535920   264 131414      2
535920   264 131414      2
535920   264 131414      2
535920   264 131414      2
535920   212 131414      2
535920   212 131414      2
535920   212 131414      2
535920   212 131414      2
535920   212 131414      2
535920   212 131414      2
535920   212 131414      2
535920   212 131414      2
535920   212 131414      2
535920   212 131414      2
535920   212 131414      2
535920   212 131414      2
535920   212 131414      2
535920   212 131414      2
535920   212 131414      2
535920   212 131414      2
535920   212 131414      2
535920   212 131414      2
535920   212 131414      2
535920   212 131414      2
535920   212 131414      2
535920   212 131414      2
535920   212 131414      2
535920   212 131414      2
535920   212 131414      2
535920   212 131414      2
535920   212 131414      2
535920   212 131414      2
535920   212 131414      2
535920   212 131414      2
535920   212 131414      2
535920   212 131414      2
535920   212 131414      2
535920 52268 142795   1639
535920 361548 210441 11313