1584496 642296 290224    1
1584496 766564 336567    1
1584496 634360 379753    1
1584496 689444 409074 2240
1584496 756404 431537 5457
1584496 806328 454659 8761
1584496 839008 471417 11157
1584496 904012 485819 13225
1584496 729120 500057 15248
1584496 709988 522312 18429
1584496 768352 544833 21644
1584496 827988 569740 25204
1584496 870700 584641 27336
1584496 868788 602369 29874
1584496 653764 609062 30829
1584496 752292 636142 34703
1584496 795444 652702 37067
1584496 846196 672780 39944
1584496 826580 681138 41148
1584496 902088 700983 43982
1584496 663568 713423 45783
1584496 732672 734337 48788
